[debug] [2025-07-08T05:53:35.213Z] ----------------------------------------------------------------------
[debug] [2025-07-08T05:53:35.217Z] Command:       C:\Program Files\nodejs\node.exe C:\Users\vincenzo.carrubba\AppData\Roaming\npm\node_modules\firebase-tools\lib\bin\firebase.js deploy
[debug] [2025-07-08T05:53:35.218Z] CLI Version:   14.9.0
[debug] [2025-07-08T05:53:35.218Z] Platform:      win32
[debug] [2025-07-08T05:53:35.218Z] Node Version:  v22.17.0
[debug] [2025-07-08T05:53:35.218Z] Time:          Tue Jul 08 2025 07:53:35 GMT+0200 (Ora legale dell’Europa centrale)
[debug] [2025-07-08T05:53:35.219Z] ----------------------------------------------------------------------
[debug] 
[debug] [2025-07-08T05:53:35.222Z] >>> [apiv2][query] GET https://firebase-public.firebaseio.com/cli.json [none]
[debug] [2025-07-08T05:53:35.498Z] > command requires scopes: ["email","openid","https://www.googleapis.com/auth/cloudplatformprojects.readonly","https://www.googleapis.com/auth/firebase","https://www.googleapis.com/auth/cloud-platform"]
[debug] [2025-07-08T05:53:35.499Z] > authorizing via signed-in user (vinjazz.vc@gmail.com)
[debug] [2025-07-08T05:53:35.499Z] [iam] checking project hustlecastlecouncil for permissions ["cloudsql.databases.create","cloudsql.databases.update","cloudsql.instances.connect","cloudsql.instances.create","cloudsql.instances.get","cloudsql.instances.list","cloudsql.instances.update","cloudsql.users.create","firebase.projects.get","firebasedataconnect.connectors.create","firebasedataconnect.connectors.delete","firebasedataconnect.connectors.list","firebasedataconnect.connectors.update","firebasedataconnect.operations.get","firebasedataconnect.schemas.create","firebasedataconnect.schemas.delete","firebasedataconnect.schemas.list","firebasedataconnect.schemas.update","firebasedataconnect.services.create","firebasedataconnect.services.delete","firebasedataconnect.services.list","firebasedataconnect.services.update","firebasehosting.sites.update"]
[debug] [2025-07-08T05:53:35.499Z] Checked if tokens are valid: true, expires at: 1751955251099
[debug] [2025-07-08T05:53:35.500Z] Checked if tokens are valid: true, expires at: 1751955251099
[debug] [2025-07-08T05:53:35.500Z] >>> [apiv2][query] POST https://cloudresourcemanager.googleapis.com/v1/projects/hustlecastlecouncil:testIamPermissions [none]
[debug] [2025-07-08T05:53:35.500Z] >>> [apiv2][(partial)header] POST https://cloudresourcemanager.googleapis.com/v1/projects/hustlecastlecouncil:testIamPermissions x-goog-quota-user=projects/hustlecastlecouncil
[debug] [2025-07-08T05:53:35.500Z] >>> [apiv2][body] POST https://cloudresourcemanager.googleapis.com/v1/projects/hustlecastlecouncil:testIamPermissions {"permissions":["cloudsql.databases.create","cloudsql.databases.update","cloudsql.instances.connect","cloudsql.instances.create","cloudsql.instances.get","cloudsql.instances.list","cloudsql.instances.update","cloudsql.users.create","firebase.projects.get","firebasedataconnect.connectors.create","firebasedataconnect.connectors.delete","firebasedataconnect.connectors.list","firebasedataconnect.connectors.update","firebasedataconnect.operations.get","firebasedataconnect.schemas.create","firebasedataconnect.schemas.delete","firebasedataconnect.schemas.list","firebasedataconnect.schemas.update","firebasedataconnect.services.create","firebasedataconnect.services.delete","firebasedataconnect.services.list","firebasedataconnect.services.update","firebasehosting.sites.update"]}
[debug] [2025-07-08T05:53:35.544Z] *** [apiv2] error from fetch(https://firebase-public.firebaseio.com/cli.json, {"headers":{},"method":"GET"}): FetchError: request to https://firebase-public.firebaseio.com/cli.json failed, reason: self-signed certificate in certificate chain
[warn] !  Unable to fetch the CLI MOTD and remote config. This is not a fatal error, but may indicate an issue with your network connection. 
[debug] [2025-07-08T05:53:35.545Z] Failed to fetch MOTD FirebaseError: Failed to make request to https://firebase-public.firebaseio.com/cli.json
[debug] [2025-07-08T05:53:36.361Z] <<< [apiv2][status] POST https://cloudresourcemanager.googleapis.com/v1/projects/hustlecastlecouncil:testIamPermissions 200
[debug] [2025-07-08T05:53:36.361Z] <<< [apiv2][body] POST https://cloudresourcemanager.googleapis.com/v1/projects/hustlecastlecouncil:testIamPermissions {"permissions":["cloudsql.databases.create","cloudsql.databases.update","cloudsql.instances.connect","cloudsql.instances.create","cloudsql.instances.get","cloudsql.instances.list","cloudsql.instances.update","cloudsql.users.create","firebase.projects.get","firebasedataconnect.connectors.create","firebasedataconnect.connectors.delete","firebasedataconnect.connectors.list","firebasedataconnect.connectors.update","firebasedataconnect.operations.get","firebasedataconnect.schemas.create","firebasedataconnect.schemas.delete","firebasedataconnect.schemas.list","firebasedataconnect.schemas.update","firebasedataconnect.services.create","firebasedataconnect.services.delete","firebasedataconnect.services.list","firebasedataconnect.services.update","firebasehosting.sites.update"]}
[debug] [2025-07-08T05:53:36.361Z] Checked if tokens are valid: true, expires at: 1751955251099
[debug] [2025-07-08T05:53:36.361Z] Checked if tokens are valid: true, expires at: 1751955251099
[debug] [2025-07-08T05:53:36.362Z] >>> [apiv2][query] GET https://firebase.googleapis.com/v1beta1/projects/hustlecastlecouncil [none]
[debug] [2025-07-08T05:53:36.650Z] <<< [apiv2][status] GET https://firebase.googleapis.com/v1beta1/projects/hustlecastlecouncil 200
[debug] [2025-07-08T05:53:36.651Z] <<< [apiv2][body] GET https://firebase.googleapis.com/v1beta1/projects/hustlecastlecouncil {"projectId":"hustlecastlecouncil","projectNumber":"778970862600","displayName":"HustleCastleCouncil","name":"projects/hustlecastlecouncil","resources":{"hostingSite":"hustlecastlecouncil","realtimeDatabaseInstance":"hustlecastlecouncil-default-rtdb"},"state":"ACTIVE","etag":"1_437ce0eb-b9ea-486e-b9ed-05fa469ba803"}
[info] 
[info] === Deploying to 'hustlecastlecouncil'...
[info] 
[info] i  deploying hosting, dataconnect 
[debug] [2025-07-08T05:53:36.657Z] Checked if tokens are valid: true, expires at: 1751955251099
[debug] [2025-07-08T05:53:36.657Z] Checked if tokens are valid: true, expires at: 1751955251099
[debug] [2025-07-08T05:53:36.657Z] >>> [apiv2][query] POST https://firebasehosting.googleapis.com/v1beta1/projects/-/sites/hustlecastlecouncil/versions [none]
[debug] [2025-07-08T05:53:36.657Z] >>> [apiv2][body] POST https://firebasehosting.googleapis.com/v1beta1/projects/-/sites/hustlecastlecouncil/versions {"status":"CREATED","labels":{"deployment-tool":"cli-firebase"}}
[debug] [2025-07-08T05:53:38.151Z] <<< [apiv2][status] POST https://firebasehosting.googleapis.com/v1beta1/projects/-/sites/hustlecastlecouncil/versions 200
[debug] [2025-07-08T05:53:38.151Z] <<< [apiv2][body] POST https://firebasehosting.googleapis.com/v1beta1/projects/-/sites/hustlecastlecouncil/versions {"name":"projects/778970862600/sites/hustlecastlecouncil/versions/86ca5d55c5f6a9db","status":"CREATED","config":{},"labels":{"deployment-tool":"cli-firebase"}}
[debug] [2025-07-08T05:53:38.151Z] Checked if tokens are valid: true, expires at: 1751955251099
[debug] [2025-07-08T05:53:38.151Z] Checked if tokens are valid: true, expires at: 1751955251099
[debug] [2025-07-08T05:53:38.151Z] >>> [apiv2][query] GET https://cloudbilling.googleapis.com/v1/projects/hustlecastlecouncil/billingInfo [none]
[debug] [2025-07-08T05:53:38.863Z] <<< [apiv2][status] GET https://cloudbilling.googleapis.com/v1/projects/hustlecastlecouncil/billingInfo 200
[debug] [2025-07-08T05:53:38.863Z] <<< [apiv2][body] GET https://cloudbilling.googleapis.com/v1/projects/hustlecastlecouncil/billingInfo {"name":"projects/hustlecastlecouncil/billingInfo","projectId":"hustlecastlecouncil","billingAccountName":"billingAccounts/0161F3-30B382-D671A6","billingEnabled":true}
[info] i  dataconnect: ensuring required API firebasedataconnect.googleapis.com is enabled... 
[info] i  dataconnect: ensuring required API sqladmin.googleapis.com is enabled... 
[info] i  dataconnect: ensuring required API compute.googleapis.com is enabled... 
[debug] [2025-07-08T05:53:38.866Z] Checked if tokens are valid: true, expires at: 1751955251099
[debug] [2025-07-08T05:53:38.867Z] Checked if tokens are valid: true, expires at: 1751955251099
[debug] [2025-07-08T05:53:38.867Z] >>> [apiv2][query] GET https://mobilesdk-pa.googleapis.com/v1/accessmanagement/tos:getStatus [none]
[debug] [2025-07-08T05:53:39.125Z] <<< [apiv2][status] GET https://mobilesdk-pa.googleapis.com/v1/accessmanagement/tos:getStatus 200
[debug] [2025-07-08T05:53:39.125Z] <<< [apiv2][body] GET https://mobilesdk-pa.googleapis.com/v1/accessmanagement/tos:getStatus {"overallStatus":"ACCEPTED","uTosStatus":{"tos":{"id":"firebase","tosId":"FIREBASE_UNIVERSAL"},"status":"ACCEPTED","acceptedVersion":7},"childTosStatus":[{"tos":{"id":"cloud","tosId":"CLOUD_PLATFORM"},"status":"ACCEPTED","acceptedVersion":38},{"tos":{"id":"firebase_b2b","tosId":"FIREBASE_B2B"},"status":"ACCEPTED","acceptedVersion":1},{"tos":{"id":"universal","tosId":"GOOGLE_APIS"},"status":"ACCEPTED","acceptedVersion":6}],"termsUrl":"https://firebase.google.com/terms","perServiceStatus":[{"tosId":"APP_CHECK","serviceStatus":{"tos":{"id":"app_check","tosId":"APP_CHECK"},"status":"ACCEPTED","acceptedVersion":3}},{"tosId":"APP_HOSTING_TOS","serviceStatus":{"tos":{"id":"app_hosting","tosId":"APP_HOSTING_TOS"},"status":"ACCEPTED","acceptedVersion":3}},{"tosId":"FIREBASE_DATA_CONNECT","serviceStatus":{"tos":{"id":"data_connect","tosId":"FIREBASE_DATA_CONNECT"},"status":"ACCEPTED","acceptedVersion":3}},{"tosId":"CORE_APPS","serviceStatus":{"tos":{"id":"core_apps","tosId":"CORE_APPS"},"status":"ACCEPTED","acceptedVersion":1}},{"tosId":"VERTEX_AI_IN_FIREBASE","serviceStatus":{"tos":{"id":"vertex_ai_in_firebase","tosId":"VERTEX_AI_IN_FIREBASE"},"status":"ACCEPTED","acceptedVersion":2}},{"tosId":"FIREBASE_CRASHLYTICS_APP_DISTRIBUTION","serviceStatus":{"tos":{"id":"firebase_crashlytics_app_distribution","tosId":"FIREBASE_CRASHLYTICS_APP_DISTRIBUTION"},"status":"ACCEPTED","acceptedVersion":4}},{"tosId":"GENERATIVE_LANGUAGE","serviceStatus":{"tos":{"id":"generative-language-api","tosId":"GENERATIVE_LANGUAGE"},"status":"ACCEPTED","acceptedVersion":3}}]}
[info] i  dataconnect: Preparing to deploy 
[debug] [2025-07-08T05:53:39.140Z] defaultcredentials: writing to file C:\Users\vincenzo.carrubba\AppData\Roaming\firebase\vinjazz_vc_gmail.com_application_default_credentials.json
[debug] [2025-07-08T05:53:40.761Z] I0708 07:53:40.718245   17416 control.go:84] [/emulator/hustle 5826] UpdateResources(): done
Schema: sources: schema\schema.gql [2088B] 
Connector "default": sources: connector\mutations.gql [1233B] connector\queries.gql [1802B] 
 {"metadata":{"emulator":{"name":"dataconnect"},"message":"I0708 07:53:40.718245   17416 control.go:84] [/emulator/hustle 5826] UpdateResources(): done\nSchema: sources: schema\\schema.gql [2088B] \nConnector \"default\": sources: connector\\mutations.gql [1233B] connector\\queries.gql [1802B] \n"}}
[info] i  dataconnect: Successfully prepared schema and connectors 
[debug] [2025-07-08T05:53:40.762Z] {
  "serviceInfos": [
    {
      "serviceName": "projects/hustlecastlecouncil/locations/us-central1/services/hustle",
      "sourceDirectory": "C:\\Users\\vincenzo.carrubba\\GitHub\\hustle\\dataconnect",
      "schema": {
        "name": "projects/hustlecastlecouncil/locations/us-central1/services/hustle/schemas/main",
        "datasources": [
          {
            "postgresql": {
              "database": "fdcdb",
              "cloudSql": {
                "instance": "projects/hustlecastlecouncil/locations/us-central1/instances/hustle-fdc"
              }
            }
          }
        ],
        "source": {
          "files": [
            {
              "path": "schema.gql",
              "content": "# # Example schema for simple movie review app\n\n# # User table is keyed by Firebase Auth UID.\n# type User @table {\n#   # `@default(expr: \"auth.uid\")` sets it to Firebase Auth UID during insert and upsert.\n#   id: String! @default(expr: \"auth.uid\")\n#   username: String! @col(dataType: \"varchar(50)\")\n#   # The `user: User!` field in the Review table generates the following one-to-many query field.\n#   #  reviews_on_user: [Review!]!\n#   # The `Review` join table the following many-to-many query field.\n#   #  movies_via_Review: [Movie!]!\n# }\n\n# # Movie is keyed by a randomly generated UUID.\n# type Movie @table {\n#   # If you do not pass a 'key' to `@table`, Data Connect automatically adds the following 'id' column.\n#   # Feel free to uncomment and customize it.\n#   #  id: UUID! @default(expr: \"uuidV4()\")\n#   title: String!\n#   imageUrl: String!\n#   genre: String\n# }\n\n# # MovieMetadata is a metadata attached to a Movie.\n# # Movie <-> MovieMetadata is a one-to-one relationship\n# type MovieMetadata @table {\n#   # @unique ensures each Movie can only one MovieMetadata.\n#   movie: Movie! @unique\n#   # The movie field adds the following foreign key field. Feel free to uncomment and customize it.\n#   #  movieId: UUID!\n#   rating: Float\n#   releaseYear: Int\n#   description: String\n# }\n\n# # Reviews is a join table between User and Movie.\n# # It has a composite primary keys `userUid` and `movieId`.\n# # A user can leave reviews for many movies. A movie can have reviews from many users.\n# # User  <-> Review is a one-to-many relationship\n# # Movie <-> Review is a one-to-many relationship\n# # Movie <-> User is a many-to-many relationship\n# type Review @table(name: \"Reviews\", key: [\"movie\", \"user\"]) {\n#   user: User!\n#   # The user field adds the following foreign key field. Feel free to uncomment and customize it.\n#   #  userUid: String!\n#   movie: Movie!\n#   # The movie field adds the following foreign key field. Feel free to uncomment and customize it.\n#   #  movieId: UUID!\n#   rating: Int\n#   reviewText: String\n#   reviewDate: Date! @default(expr: \"request.time\")\n# }\n"
            }
          ]
        }
      },
      "dataConnectYaml": {
        "specVersion": "v1",
        "serviceId": "hustle",
        "location": "us-central1",
        "schema": {
          "source": "./schema",
          "datasource": {
            "postgresql": {
              "database": "fdcdb",
              "cloudSql": {
                "instanceId": "hustle-fdc"
              }
            }
          }
        },
        "connectorDirs": [
          "./connector"
        ]
      },
      "connectorInfo": [
        {
          "directory": "C:\\Users\\vincenzo.carrubba\\GitHub\\hustle\\dataconnect\\connector",
          "connectorYaml": {
            "connectorId": "default"
          },
          "connector": {
            "name": "projects/hustlecastlecouncil/locations/us-central1/services/hustle/connectors/default",
            "source": {
              "files": [
                {
                  "path": "mutations.gql",
                  "content": "# # Example mutations for a simple movie app\n\n# # Create a movie based on user input\n# mutation CreateMovie($title: String!, $genre: String!, $imageUrl: String!)\n# @auth(level: USER_EMAIL_VERIFIED) {\n#   movie_insert(data: { title: $title, genre: $genre, imageUrl: $imageUrl })\n# }\n\n# # Upsert (update or insert) a user's username based on their auth.uid\n# mutation UpsertUser($username: String!) @auth(level: USER) {\n#   # The \"auth.uid\" server value ensures that users can only register their own user.\n#   user_upsert(data: { id_expr: \"auth.uid\", username: $username })\n# }\n\n# # Add a review for a movie\n# mutation AddReview($movieId: UUID!, $rating: Int!, $reviewText: String!)\n# @auth(level: USER) {\n#   review_upsert(\n#     data: {\n#       userId_expr: \"auth.uid\"\n#       movieId: $movieId\n#       rating: $rating\n#       reviewText: $reviewText\n#       # reviewDate defaults to today in the schema. No need to set it manually.\n#     }\n#   )\n# }\n\n# # Logged in user can delete their review for a movie\n# mutation DeleteReview($movieId: UUID!) @auth(level: USER) {\n#   # The \"auth.uid\" server value ensures that users can only delete their own reviews.\n#   review_delete(key: { userId_expr: \"auth.uid\", movieId: $movieId })\n# }\n"
                },
                {
                  "path": "queries.gql",
                  "content": "# # Example queries for a simple movie app.\n\n# # @auth() directives control who can call each operation.\n# # Anyone should be able to list all movies, so the auth level is set to PUBLIC\n# query ListMovies @auth(level: PUBLIC) {\n#   movies {\n#     id\n#     title\n#     imageUrl\n#     genre\n#   }\n# }\n\n# # List all users, only admins should be able to list all users, so we use NO_ACCESS\n# query ListUsers @auth(level: NO_ACCESS) {\n#   users {\n#     id\n#     username\n#   }\n# }\n\n# # Logged in users can list all their reviews and movie titles associated with the review\n# # Since the query uses the uid of the current authenticated user, we set auth level to USER\n# query ListUserReviews @auth(level: USER) {\n#   user(key: { id_expr: \"auth.uid\" }) {\n#     id\n#     username\n#     # <field>_on_<foreign_key_field> makes it easy to grab info from another table\n#     # Here, we use it to grab all the reviews written by the user.\n#     reviews: reviews_on_user {\n#       rating\n#       reviewDate\n#       reviewText\n#       movie {\n#         id\n#         title\n#       }\n#     }\n#   }\n# }\n\n# # Get movie by id\n# query GetMovieById($id: UUID!) @auth(level: PUBLIC) {\n#   movie(id: $id) {\n#     id\n#     title\n#     imageUrl\n#     genre\n#     metadata: movieMetadata_on_movie {\n#       rating\n#       releaseYear\n#       description\n#     }\n#     reviews: reviews_on_movie {\n#       reviewText\n#       reviewDate\n#       rating\n#       user {\n#         id\n#         username\n#       }\n#     }\n#   }\n# }\n\n# # Search for movies, actors, and reviews\n# query SearchMovie($titleInput: String, $genre: String) @auth(level: PUBLIC) {\n#   movies(\n#     where: {\n#       _and: [{ genre: { eq: $genre } }, { title: { contains: $titleInput } }]\n#     }\n#   ) {\n#     id\n#     title\n#     genre\n#     imageUrl\n#   }\n# }\n"
                }
              ]
            }
          }
        }
      ],
      "deploymentMetadata": {
        "primaryDataSource": {
          "postgres": {
            "requiredExtensions": null
          }
        }
      }
    }
  ]
}
[info] i  hosting[hustlecastlecouncil]: beginning deploy... 
[info] i  hosting[hustlecastlecouncil]: found 21 files in public 
[debug] [2025-07-08T05:53:40.776Z] [hosting] uploading with 200 concurrency
[debug] [2025-07-08T05:53:40.783Z] Checked if tokens are valid: true, expires at: 1751955251099
[debug] [2025-07-08T05:53:40.784Z] Checked if tokens are valid: true, expires at: 1751955251099
[debug] [2025-07-08T05:53:40.785Z] [hosting] hash cache [cHVibGlj] stored for 21 files
[debug] [2025-07-08T05:53:40.785Z] [hosting][hash queue][FINAL] {"max":4,"min":0,"avg":0.19047619047619047,"active":0,"complete":21,"success":21,"errored":0,"retried":0,"total":21,"elapsed":7}
[debug] [2025-07-08T05:53:40.785Z] >>> [apiv2][query] POST https://firebasehosting.googleapis.com/v1beta1/projects/778970862600/sites/hustlecastlecouncil/versions/86ca5d55c5f6a9db:populateFiles [none]
[debug] [2025-07-08T05:53:40.785Z] >>> [apiv2][body] POST https://firebasehosting.googleapis.com/v1beta1/projects/778970862600/sites/hustlecastlecouncil/versions/86ca5d55c5f6a9db:populateFiles {"files":{"/username_modal.html":"a41861c154c50744d21f697a6d2de21d0636ce4d63f0364fe944f09ba0b41cf2","/username_handler.js":"1c96c5032f7ec36e1496c8bf67bccb26f4f56cf3f153c6d9d9d166794d6a6ba2","/style.css":"087a29941487a676ad6d0ce8c4284a2a676a26aa9d817fda083cc54aab95785c","/script.js":"1abcda193ba0d7ec9ad15d6f67a212d39b852334eb9e5d35d9dad5f9f623e2be","/index.html":"8b39f13d597d9b8d00de4eed39ef68cc197b5bda1bedb161e6a06c4ff6299e3e","/dashboard.js":"91f61a8ae53009914807e040171ca8070a81142d343a8aed1f75ed1e69c8b830","/dashboard.css":"9e0946f9560a192e62a2fb5e93fe225e58d454b0330486c47631f5b05a9dbe36","/old/style.css":"61ff38e5c99375b61150df1f8d790a3e6ce2d77ae289ee6f5d2901b0b0cbeef2","/old/script.js":"977fcda9cc50c77b4f6061c175bb4e76ba4433c7b494ac42068b6781dadf0a4a","/old/pglite-debug.log":"46b50c321b39e89a491b6727a01628c34245605a30beb3e7414c5e01cff90e6e","/old/index.html":"67d49f33d6547e06a793af3e9f91761b576d9ec7fec98216cf779f40fdc70fbb","/old/dashboard.js":"24c155e2fc472324a69fc10dd58b547df2443b44f95358c5455036f1d117b9dd","/old/dashboard.css":"9e0946f9560a192e62a2fb5e93fe225e58d454b0330486c47631f5b05a9dbe36","/08072025/username_modal.html":"a41861c154c50744d21f697a6d2de21d0636ce4d63f0364fe944f09ba0b41cf2","/08072025/username_handler.js":"1c96c5032f7ec36e1496c8bf67bccb26f4f56cf3f153c6d9d9d166794d6a6ba2","/08072025/style.css":"aecbc8296fb30ca624afad2adc5aa7d53950bda54e18e20cf1a4af9468e25e2c","/08072025/script.js":"cded23c799bf923af931cd83278d51cdb036485a2136642bec0a5e1346727eac","/08072025/index.html":"95c26c6888b94933589b09dcfb90122210e09b6239e0568feca8bd7a0c0f806d","/08072025/dashboard.js":"628b2d4b2974fab0e0562ec9f4d5471fdb14f1f4aac59725b7b4ee74e8fc1b64","/08072025/dashboard.css":"9e0946f9560a192e62a2fb5e93fe225e58d454b0330486c47631f5b05a9dbe36","/pglite-debug.log":"46b50c321b39e89a491b6727a01628c34245605a30beb3e7414c5e01cff90e6e"}}
[debug] [2025-07-08T05:53:41.149Z] <<< [apiv2][status] POST https://firebasehosting.googleapis.com/v1beta1/projects/778970862600/sites/hustlecastlecouncil/versions/86ca5d55c5f6a9db:populateFiles 200
[debug] [2025-07-08T05:53:41.149Z] <<< [apiv2][body] POST https://firebasehosting.googleapis.com/v1beta1/projects/778970862600/sites/hustlecastlecouncil/versions/86ca5d55c5f6a9db:populateFiles {"uploadUrl":"https://upload-firebasehosting.googleapis.com/upload/sites/hustlecastlecouncil/versions/86ca5d55c5f6a9db/files"}
[debug] [2025-07-08T05:53:41.149Z] [hosting][populate queue][FINAL] {"max":366,"min":366,"avg":366,"active":0,"complete":1,"success":1,"errored":0,"retried":0,"total":1,"elapsed":366}
[debug] [2025-07-08T05:53:41.150Z] [hosting] uploads queued: 0
[debug] [2025-07-08T05:53:41.150Z] [hosting][upload queue][FINAL] {"max":0,"min":9999999999,"avg":0,"active":0,"complete":0,"success":0,"errored":0,"retried":0,"total":0,"elapsed":1751954021150}
[info] +  hosting[hustlecastlecouncil]: file upload complete 
[debug] [2025-07-08T05:53:41.152Z] [hosting] deploy completed after 388ms
[debug] [2025-07-08T05:53:41.152Z] Checked if tokens are valid: true, expires at: 1751955251099
[debug] [2025-07-08T05:53:41.152Z] Checked if tokens are valid: true, expires at: 1751955251099
[debug] [2025-07-08T05:53:41.152Z] >>> [apiv2][query] GET https://firebasedataconnect.googleapis.com/v1/projects/hustlecastlecouncil/locations/-/services [none]
[debug] [2025-07-08T05:53:42.267Z] <<< [apiv2][status] GET https://firebasedataconnect.googleapis.com/v1/projects/hustlecastlecouncil/locations/-/services 200
[debug] [2025-07-08T05:53:42.267Z] <<< [apiv2][body] GET https://firebasedataconnect.googleapis.com/v1/projects/hustlecastlecouncil/locations/-/services {"services":[{"name":"projects/hustlecastlecouncil/locations/us-central1/services/hustle","createTime":"2025-07-04T15:03:57.336820282Z","updateTime":"2025-07-04T15:03:58.607884227Z","uid":"37013dde-756f-4f60-addc-995d5d109499","reconciling":false,"etag":"-ZLpqYW6jI7-NnhT641W3xUZtxYxQrZzi0VpZCflFDQ"}]}
[info] i  dataconnect: Checking for CloudSQL resources... 
[debug] [2025-07-08T05:53:42.268Z] Checked if tokens are valid: true, expires at: 1751955251099
[debug] [2025-07-08T05:53:42.268Z] Checked if tokens are valid: true, expires at: 1751955251099
[debug] [2025-07-08T05:53:42.269Z] >>> [apiv2][query] GET https://sqladmin.googleapis.com/v1/projects/hustlecastlecouncil/instances/hustle-fdc [none]
[debug] [2025-07-08T05:53:42.676Z] <<< [apiv2][status] GET https://sqladmin.googleapis.com/v1/projects/hustlecastlecouncil/instances/hustle-fdc 200
[debug] [2025-07-08T05:53:42.676Z] <<< [apiv2][body] GET https://sqladmin.googleapis.com/v1/projects/hustlecastlecouncil/instances/hustle-fdc {"kind":"sql#instance","state":"RUNNABLE","databaseVersion":"POSTGRES_15","settings":{"authorizedGaeApplications":[],"tier":"db-f1-micro","kind":"sql#settings","userLabels":{"firebase-data-connect":"ft"},"availabilityType":"ZONAL","pricingPlan":"PER_USE","replicationType":"SYNCHRONOUS","activationPolicy":"ALWAYS","ipConfiguration":{"authorizedNetworks":[],"sslMode":"ALLOW_UNENCRYPTED_AND_ENCRYPTED","ipv4Enabled":true,"requireSsl":false,"serverCaMode":"GOOGLE_MANAGED_INTERNAL_CA"},"locationPreference":{"zone":"us-central1-f","kind":"sql#locationPreference"},"databaseFlags":[{"name":"cloudsql.iam_authentication","value":"on"}],"dataDiskType":"PD_SSD","backupConfiguration":{"startTime":"17:00","kind":"sql#backupConfiguration","backupRetentionSettings":{"retentionUnit":"COUNT","retainedBackups":7},"enabled":false,"transactionLogRetentionDays":7,"transactionalLogStorageState":"TRANSACTIONAL_LOG_STORAGE_STATE_UNSPECIFIED","backupTier":"STANDARD"},"insightsConfig":{"queryInsightsEnabled":true,"queryStringLength":1024,"queryPlansPerMinute":5},"edition":"ENTERPRISE","connectorEnforcement":"NOT_REQUIRED","settingsVersion":"6","storageAutoResizeLimit":"0","storageAutoResize":false,"dataDiskSizeGb":"10","deletionProtectionEnabled":false,"replicationLagMaxSeconds":31536000,"enableGoogleMlIntegration":false},"etag":"926bfa85206112bae0fbd9a0a1e320d2486c3614659d7db331fdefacb43c25d4","ipAddresses":[{"type":"PRIMARY","ipAddress":"35.225.232.153"},{"type":"OUTGOING","ipAddress":"34.44.176.180"}],"serverCaCert":{"kind":"sql#sslCert","certSerialNumber":"0","cert":"-----BEGIN CERTIFICATE-----\nMIIDfzCCAmegAwIBAgIBADANBgkqhkiG9w0BAQsFADB3MS0wKwYDVQQuEyRiNDgw\nOGFkOS00ZGRjLTQ2NGEtYmQ0Ny00MGUzM2I4ODYxMmMxIzAhBgNVBAMTGkdvb2ds\nZSBDbG91ZCBTUUwgU2VydmVyIENBMRQwEgYDVQQKEwtHb29nbGUsIEluYzELMAkG\nA1UEBhMCVVMwHhcNMjUwNzA0MTUwNDQwWhcNMzUwNzAyMTUwNTQwWjB3MS0wKwYD\nVQQuEyRiNDgwOGFkOS00ZGRjLTQ2NGEtYmQ0Ny00MGUzM2I4ODYxMmMxIzAhBgNV\nBAMTGkdvb2dsZSBDbG91ZCBTUUwgU2VydmVyIENBMRQwEgYDVQQKEwtHb29nbGUs\nIEluYzELMAkGA1UEBhMCVVMwggEiMA0GCSqGSIb3DQEBAQUAA4IBDwAwggEKAoIB\nAQDmuAmP7SSSultCXPw/ku3M7ppM0z8dD9qhvUKlsirvpgvvomBjzx6AIWAm/fov\n2+uuVgealcv98ONcFreeBSaV0wULXv/rVqi+T9w0v7gbgVVU+1h/DfmcA9Inpoh1\nHIJsr3IWDHOY+4SeYI1thTL6HmPJfPE+5bJWyy+YSVSUlFUaO8yv9Kek05m1Ipqj\ncCv62pyyhfXP4aVJ+s53IFDfs9Ul2Kkx/2HuTe9BUxcBi6Xj747biO17CYc9a565\nfObIphJLuQExiO2UkBSVaMauVN4skzBT44w6g5sf3NrB/c1i54YEK306F/WX85HY\nw5aHnNPhlMJIIkbpqfq3xFpJAgMBAAGjFjAUMBIGA1UdEwEB/wQIMAYBAf8CAQAw\nDQYJKoZIhvcNAQELBQADggEBAK5k7Mt5acZiOQERzUZNseNJ8DsH4raMuu2xQUjZ\nzaN7sZTa8oovmfRMVeCHiQXOjhhpsHXOcOwL57PX1mW+zrViMuEgzYfaBU8jBXW3\naoGKjf8t33fFCdQEnjbCttl3oFvtrt0yn8o4KcLo/u26mIgvtPd819EQkCW8Jq7o\njUFWObbPCGGyIVyw5tfVObFJYEytwa+R6p0KIvGsCFfVs1DbPsPH4PF/qLmp2Ycx\nhn0VLAUZxiw298QnESWckH9Eg4qC9NebJf9IEFz1vlXTZQaDwAs60PnBPR2ZHwkp\nkMc+zsXGt/8wW+gmSoqPOv6j9BEQaZx5xhbxLhtYU55zsxU=\n-----END CERTIFICATE-----","commonName":"C=US,O=Google\\, Inc,CN=Google Cloud SQL Server CA,dnQualifier=b4808ad9-4ddc-464a-bd47-40e33b88612c","sha1Fingerprint":"4b16aa13edb730dad72e47037d400566a7aff531","instance":"hustle-fdc","createTime":"2025-07-04T15:04:40.468Z","expirationTime":"2035-07-02T15:05:40.468Z"},"instanceType":"CLOUD_SQL_INSTANCE","project":"hustlecastlecouncil","serviceAccountEmailAddress":"p778970862600-veoxaz@gcp-sa-cloud-sql.iam.gserviceaccount.com","backendType":"SECOND_GEN","selfLink":"https://sqladmin.googleapis.com/v1/projects/hustlecastlecouncil/instances/hustle-fdc","connectionName":"hustlecastlecouncil:us-central1:hustle-fdc","name":"hustle-fdc","region":"us-central1","gceZone":"us-central1-f","databaseInstalledVersion":"POSTGRES_15_13","maintenanceVersion":"POSTGRES_15_13.R20250302.00_31","createTime":"2025-07-04T15:04:01.597Z","sqlNetworkArchitecture":"NEW_NETWORK_ARCHITECTURE","satisfiesPzi":false,"includeReplicasForMajorVersionUpgrade":false}
[info] i  dataconnect: Found existing instance hustle-fdc. 
[debug] [2025-07-08T05:53:42.676Z] Checked if tokens are valid: true, expires at: 1751955251099
[debug] [2025-07-08T05:53:42.676Z] Checked if tokens are valid: true, expires at: 1751955251099
[debug] [2025-07-08T05:53:42.677Z] >>> [apiv2][query] GET https://sqladmin.googleapis.com/v1/projects/hustlecastlecouncil/instances/hustle-fdc/databases/fdcdb [none]
[debug] [2025-07-08T05:53:43.088Z] <<< [apiv2][status] GET https://sqladmin.googleapis.com/v1/projects/hustlecastlecouncil/instances/hustle-fdc/databases/fdcdb 200
[debug] [2025-07-08T05:53:43.088Z] <<< [apiv2][body] GET https://sqladmin.googleapis.com/v1/projects/hustlecastlecouncil/instances/hustle-fdc/databases/fdcdb {"kind":"sql#database","charset":"UTF8","collation":"en_US.UTF8","etag":"74856b94a88503ab8d1239a1118ae43c64a2d01b7b8978d0899e2df1644bb2e4","name":"fdcdb","instance":"hustle-fdc","selfLink":"https://sqladmin.googleapis.com/v1/projects/hustlecastlecouncil/instances/hustle-fdc/databases/fdcdb","project":"hustlecastlecouncil"}
[info] i  dataconnect: Found existing database fdcdb. 
[debug] [2025-07-08T05:53:43.089Z] [
  {
    "config": {
      "public": "public",
      "ignore": [
        "firebase.json",
        "**/.*",
        "**/node_modules/**"
      ],
      "rewrites": [
        {
          "source": "**",
          "destination": "/index.html"
        }
      ],
      "site": "hustlecastlecouncil"
    },
    "version": "projects/778970862600/sites/hustlecastlecouncil/versions/86ca5d55c5f6a9db"
  }
]
[info] i  hosting[hustlecastlecouncil]: finalizing version... 
[debug] [2025-07-08T05:53:43.091Z] Checked if tokens are valid: true, expires at: 1751955251099
[debug] [2025-07-08T05:53:43.091Z] Checked if tokens are valid: true, expires at: 1751955251099
[debug] [2025-07-08T05:53:43.091Z] >>> [apiv2][query] PATCH https://firebasehosting.googleapis.com/v1beta1/projects/-/sites/hustlecastlecouncil/versions/86ca5d55c5f6a9db updateMask=status%2Cconfig
[debug] [2025-07-08T05:53:43.091Z] >>> [apiv2][body] PATCH https://firebasehosting.googleapis.com/v1beta1/projects/-/sites/hustlecastlecouncil/versions/86ca5d55c5f6a9db {"status":"FINALIZED","config":{"rewrites":[{"glob":"**","path":"/index.html"}]}}
[debug] [2025-07-08T05:53:43.421Z] <<< [apiv2][status] PATCH https://firebasehosting.googleapis.com/v1beta1/projects/-/sites/hustlecastlecouncil/versions/86ca5d55c5f6a9db 200
[debug] [2025-07-08T05:53:43.421Z] <<< [apiv2][body] PATCH https://firebasehosting.googleapis.com/v1beta1/projects/-/sites/hustlecastlecouncil/versions/86ca5d55c5f6a9db {"name":"projects/778970862600/sites/hustlecastlecouncil/versions/86ca5d55c5f6a9db","status":"FINALIZED","config":{"rewrites":[{"glob":"**","path":"/index.html"}]},"labels":{"deployment-tool":"cli-firebase"},"createTime":"2025-07-08T05:53:37.447958Z","createUser":{"email":"vinjazz.VC@gmail.com"},"finalizeTime":"2025-07-08T05:53:43.260891Z","finalizeUser":{"email":"vinjazz.VC@gmail.com"}}
[debug] [2025-07-08T05:53:43.421Z] [hosting] finalized version for hustlecastlecouncil:[object Object]
[info] +  hosting[hustlecastlecouncil]: version finalized 
[info] i  hosting[hustlecastlecouncil]: releasing new version... 
[debug] [2025-07-08T05:53:43.423Z] Checked if tokens are valid: true, expires at: 1751955251099
[debug] [2025-07-08T05:53:43.423Z] Checked if tokens are valid: true, expires at: 1751955251099
[debug] [2025-07-08T05:53:43.423Z] >>> [apiv2][query] POST https://firebasehosting.googleapis.com/v1beta1/projects/-/sites/hustlecastlecouncil/channels/live/releases versionName=projects%2F778970862600%2Fsites%2Fhustlecastlecouncil%2Fversions%2F86ca5d55c5f6a9db
[debug] [2025-07-08T05:53:43.423Z] >>> [apiv2][body] POST https://firebasehosting.googleapis.com/v1beta1/projects/-/sites/hustlecastlecouncil/channels/live/releases {}
[debug] [2025-07-08T05:53:43.701Z] <<< [apiv2][status] POST https://firebasehosting.googleapis.com/v1beta1/projects/-/sites/hustlecastlecouncil/channels/live/releases 200
[debug] [2025-07-08T05:53:43.702Z] <<< [apiv2][body] POST https://firebasehosting.googleapis.com/v1beta1/projects/-/sites/hustlecastlecouncil/channels/live/releases {"name":"projects/778970862600/sites/hustlecastlecouncil/channels/live/releases/1751954022989000","version":{"name":"projects/778970862600/sites/hustlecastlecouncil/versions/86ca5d55c5f6a9db","status":"FINALIZED","config":{"rewrites":[{"glob":"**","path":"/index.html"}]},"labels":{"deployment-tool":"cli-firebase"},"createTime":"2025-07-08T05:53:37.447958Z","createUser":{"email":"vinjazz.VC@gmail.com","imageUrl":"https://lh3.googleusercontent.com/a/ACg8ocLhRfytwbIpi9TyYdOlVR5KterHUMJpon3swnpc9yPs05oYNuv6"},"finalizeTime":"2025-07-08T05:53:43.260891Z","finalizeUser":{"email":"vinjazz.VC@gmail.com","imageUrl":"https://lh3.googleusercontent.com/a/ACg8ocLhRfytwbIpi9TyYdOlVR5KterHUMJpon3swnpc9yPs05oYNuv6"}},"type":"DEPLOY","releaseTime":"2025-07-08T05:53:42.989Z","releaseUser":{"email":"vinjazz.VC@gmail.com","imageUrl":"https://lh3.googleusercontent.com/a/ACg8ocLhRfytwbIpi9TyYdOlVR5KterHUMJpon3swnpc9yPs05oYNuv6"}}
[debug] [2025-07-08T05:53:43.702Z] [hosting] release: {"name":"projects/778970862600/sites/hustlecastlecouncil/channels/live/releases/1751954022989000","version":{"name":"projects/778970862600/sites/hustlecastlecouncil/versions/86ca5d55c5f6a9db","status":"FINALIZED","config":{"rewrites":[{"glob":"**","path":"/index.html"}]},"labels":{"deployment-tool":"cli-firebase"},"createTime":"2025-07-08T05:53:37.447958Z","createUser":{"email":"vinjazz.VC@gmail.com","imageUrl":"https://lh3.googleusercontent.com/a/ACg8ocLhRfytwbIpi9TyYdOlVR5KterHUMJpon3swnpc9yPs05oYNuv6"},"finalizeTime":"2025-07-08T05:53:43.260891Z","finalizeUser":{"email":"vinjazz.VC@gmail.com","imageUrl":"https://lh3.googleusercontent.com/a/ACg8ocLhRfytwbIpi9TyYdOlVR5KterHUMJpon3swnpc9yPs05oYNuv6"}},"type":"DEPLOY","releaseTime":"2025-07-08T05:53:42.989Z","releaseUser":{"email":"vinjazz.VC@gmail.com","imageUrl":"https://lh3.googleusercontent.com/a/ACg8ocLhRfytwbIpi9TyYdOlVR5KterHUMJpon3swnpc9yPs05oYNuv6"}}
[info] +  hosting[hustlecastlecouncil]: release complete 
[info] i  dataconnect: Deploying Data Connect schemas... 
[info] i  dataconnect: generating required schema changes... 
[debug] [2025-07-08T05:53:43.705Z] Checked if tokens are valid: true, expires at: 1751955251099
[debug] [2025-07-08T05:53:43.705Z] Checked if tokens are valid: true, expires at: 1751955251099
[debug] [2025-07-08T05:53:43.705Z] >>> [apiv2][query] GET https://firebasedataconnect.googleapis.com/v1/projects/hustlecastlecouncil/locations/us-central1/services/hustle/schemas/main [none]
[debug] [2025-07-08T05:53:44.496Z] <<< [apiv2][status] GET https://firebasedataconnect.googleapis.com/v1/projects/hustlecastlecouncil/locations/us-central1/services/hustle/schemas/main 200
[debug] [2025-07-08T05:53:44.496Z] <<< [apiv2][body] GET https://firebasedataconnect.googleapis.com/v1/projects/hustlecastlecouncil/locations/us-central1/services/hustle/schemas/main {"name":"projects/hustlecastlecouncil/locations/us-central1/services/hustle/schemas/main","createTime":"2025-07-04T15:19:18.463914571Z","updateTime":"2025-07-05T14:06:26.000340124Z","source":{"files":[{"path":"schema.gql","content":"# # Example schema for simple movie review app\n\n# # User table is keyed by Firebase Auth UID.\n# type User @table {\n#   # `@default(expr: \"auth.uid\")` sets it to Firebase Auth UID during insert and upsert.\n#   id: String! @default(expr: \"auth.uid\")\n#   username: String! @col(dataType: \"varchar(50)\")\n#   # The `user: User!` field in the Review table generates the following one-to-many query field.\n#   #  reviews_on_user: [Review!]!\n#   # The `Review` join table the following many-to-many query field.\n#   #  movies_via_Review: [Movie!]!\n# }\n\n# # Movie is keyed by a randomly generated UUID.\n# type Movie @table {\n#   # If you do not pass a 'key' to `@table`, Data Connect automatically adds the following 'id' column.\n#   # Feel free to uncomment and customize it.\n#   #  id: UUID! @default(expr: \"uuidV4()\")\n#   title: String!\n#   imageUrl: String!\n#   genre: String\n# }\n\n# # MovieMetadata is a metadata attached to a Movie.\n# # Movie <-> MovieMetadata is a one-to-one relationship\n# type MovieMetadata @table {\n#   # @unique ensures each Movie can only one MovieMetadata.\n#   movie: Movie! @unique\n#   # The movie field adds the following foreign key field. Feel free to uncomment and customize it.\n#   #  movieId: UUID!\n#   rating: Float\n#   releaseYear: Int\n#   description: String\n# }\n\n# # Reviews is a join table between User and Movie.\n# # It has a composite primary keys `userUid` and `movieId`.\n# # A user can leave reviews for many movies. A movie can have reviews from many users.\n# # User  <-> Review is a one-to-many relationship\n# # Movie <-> Review is a one-to-many relationship\n# # Movie <-> User is a many-to-many relationship\n# type Review @table(name: \"Reviews\", key: [\"movie\", \"user\"]) {\n#   user: User!\n#   # The user field adds the following foreign key field. Feel free to uncomment and customize it.\n#   #  userUid: String!\n#   movie: Movie!\n#   # The movie field adds the following foreign key field. Feel free to uncomment and customize it.\n#   #  movieId: UUID!\n#   rating: Int\n#   reviewText: String\n#   reviewDate: Date! @default(expr: \"request.time\")\n# }\n"}]},"uid":"05b1c002-29e9-4d8d-9270-9bdb8d6febcf","reconciling":false,"datasources":[{"postgresql":{"database":"fdcdb","cloudSql":{"instance":"projects/hustlecastlecouncil/locations/us-central1/instances/hustle-fdc"},"schemaValidation":"STRICT"}}],"etag":"xwX0cYUR7cPk3ss5F7SVNJ7mJ64_e6uxqxrlRS87RY4"}
[debug] [2025-07-08T05:53:44.496Z] > command requires scopes: ["email","openid","https://www.googleapis.com/auth/cloudplatformprojects.readonly","https://www.googleapis.com/auth/firebase","https://www.googleapis.com/auth/cloud-platform"]
[debug] [2025-07-08T05:53:44.497Z] > authorizing via signed-in user (vinjazz.vc@gmail.com)
[debug] [2025-07-08T05:53:44.497Z] Checked if tokens are valid: true, expires at: 1751955251099
[debug] [2025-07-08T05:53:44.497Z] Checked if tokens are valid: true, expires at: 1751955251099
[debug] [2025-07-08T05:53:44.497Z] >>> [apiv2][query] POST https://sqladmin.googleapis.com/v1/projects/hustlecastlecouncil/instances/hustle-fdc/users [none]
[debug] [2025-07-08T05:53:44.497Z] >>> [apiv2][body] POST https://sqladmin.googleapis.com/v1/projects/hustlecastlecouncil/instances/hustle-fdc/users {"name":"vinjazz.vc@gmail.com","instance":"hustle-fdc","project":"hustlecastlecouncil","sqlserverUserDetails":{"disabled":false,"serverRoles":["cloudsqlsuperuser"]},"type":"CLOUD_IAM_USER"}
[debug] [2025-07-08T05:53:45.068Z] <<< [apiv2][status] POST https://sqladmin.googleapis.com/v1/projects/hustlecastlecouncil/instances/hustle-fdc/users 200
[debug] [2025-07-08T05:53:45.068Z] <<< [apiv2][body] POST https://sqladmin.googleapis.com/v1/projects/hustlecastlecouncil/instances/hustle-fdc/users {"kind":"sql#operation","targetLink":"https://sqladmin.googleapis.com/v1/projects/hustlecastlecouncil/instances/hustle-fdc","status":"DONE","user":"vinjazz.VC@gmail.com","insertTime":"2025-07-08T05:53:44.714Z","startTime":"2025-07-08T05:53:44.732Z","endTime":"2025-07-08T05:53:44.890Z","operationType":"CREATE_USER","name":"805f6429-2030-4f4a-931e-210a00000032","targetId":"hustle-fdc","selfLink":"https://sqladmin.googleapis.com/v1/projects/hustlecastlecouncil/operations/805f6429-2030-4f4a-931e-210a00000032","targetProject":"hustlecastlecouncil"}
[debug] [2025-07-08T05:53:45.068Z] Checked if tokens are valid: true, expires at: 1751955251099
[debug] [2025-07-08T05:53:45.068Z] Checked if tokens are valid: true, expires at: 1751955251099
[debug] [2025-07-08T05:53:45.069Z] >>> [apiv2][query] GET https://sqladmin.googleapis.com/v1/projects/hustlecastlecouncil/operations/805f6429-2030-4f4a-931e-210a00000032 [none]
[debug] [2025-07-08T05:53:45.404Z] <<< [apiv2][status] GET https://sqladmin.googleapis.com/v1/projects/hustlecastlecouncil/operations/805f6429-2030-4f4a-931e-210a00000032 200
[debug] [2025-07-08T05:53:45.404Z] <<< [apiv2][body] GET https://sqladmin.googleapis.com/v1/projects/hustlecastlecouncil/operations/805f6429-2030-4f4a-931e-210a00000032 {"kind":"sql#operation","targetLink":"https://sqladmin.googleapis.com/v1/projects/hustlecastlecouncil/instances/hustle-fdc","status":"DONE","user":"vinjazz.VC@gmail.com","insertTime":"2025-07-08T05:53:44.714Z","startTime":"2025-07-08T05:53:44.732Z","endTime":"2025-07-08T05:53:44.890Z","operationType":"CREATE_USER","name":"805f6429-2030-4f4a-931e-210a00000032","targetId":"hustle-fdc","selfLink":"https://sqladmin.googleapis.com/v1/projects/hustlecastlecouncil/operations/805f6429-2030-4f4a-931e-210a00000032","targetProject":"hustlecastlecouncil"}
[debug] [2025-07-08T05:53:45.405Z] Checked if tokens are valid: true, expires at: 1751955251099
[debug] [2025-07-08T05:53:45.405Z] Checked if tokens are valid: true, expires at: 1751955251099
[debug] [2025-07-08T05:53:45.405Z] >>> [apiv2][query] GET https://cloudresourcemanager.googleapis.com/v1/projects/hustlecastlecouncil [none]
[debug] [2025-07-08T05:53:46.209Z] <<< [apiv2][status] GET https://cloudresourcemanager.googleapis.com/v1/projects/hustlecastlecouncil 200
[debug] [2025-07-08T05:53:46.209Z] <<< [apiv2][body] GET https://cloudresourcemanager.googleapis.com/v1/projects/hustlecastlecouncil {"projectNumber":"778970862600","projectId":"hustlecastlecouncil","lifecycleState":"ACTIVE","name":"HustleCastleCouncil","labels":{"firebase":"enabled","firebase-core":"disabled"},"createTime":"2025-07-04T14:32:03.584722Z"}
[debug] [2025-07-08T05:53:46.209Z] Checked if tokens are valid: true, expires at: 1751955251099
[debug] [2025-07-08T05:53:46.209Z] Checked if tokens are valid: true, expires at: 1751955251099
[debug] [2025-07-08T05:53:46.209Z] >>> [apiv2][query] POST https://sqladmin.googleapis.com/v1/projects/hustlecastlecouncil/instances/hustle-fdc/users [none]
[debug] [2025-07-08T05:53:46.209Z] >>> [apiv2][body] POST https://sqladmin.googleapis.com/v1/projects/hustlecastlecouncil/instances/hustle-fdc/users {"name":"service-778970862600@gcp-sa-firebasedataconnect.iam","instance":"hustle-fdc","project":"hustlecastlecouncil","sqlserverUserDetails":{"disabled":false,"serverRoles":["cloudsqlsuperuser"]},"type":"CLOUD_IAM_SERVICE_ACCOUNT"}
[debug] [2025-07-08T05:53:46.771Z] <<< [apiv2][status] POST https://sqladmin.googleapis.com/v1/projects/hustlecastlecouncil/instances/hustle-fdc/users 200
[debug] [2025-07-08T05:53:46.771Z] <<< [apiv2][body] POST https://sqladmin.googleapis.com/v1/projects/hustlecastlecouncil/instances/hustle-fdc/users {"kind":"sql#operation","targetLink":"https://sqladmin.googleapis.com/v1/projects/hustlecastlecouncil/instances/hustle-fdc","status":"DONE","user":"vinjazz.VC@gmail.com","insertTime":"2025-07-08T05:53:46.410Z","startTime":"2025-07-08T05:53:46.446Z","endTime":"2025-07-08T05:53:46.599Z","operationType":"CREATE_USER","name":"d4c9ebf3-abd1-424b-9d22-392100000032","targetId":"hustle-fdc","selfLink":"https://sqladmin.googleapis.com/v1/projects/hustlecastlecouncil/operations/d4c9ebf3-abd1-424b-9d22-392100000032","targetProject":"hustlecastlecouncil"}
[debug] [2025-07-08T05:53:46.771Z] Checked if tokens are valid: true, expires at: 1751955251099
[debug] [2025-07-08T05:53:46.771Z] Checked if tokens are valid: true, expires at: 1751955251099
[debug] [2025-07-08T05:53:46.771Z] >>> [apiv2][query] GET https://sqladmin.googleapis.com/v1/projects/hustlecastlecouncil/operations/d4c9ebf3-abd1-424b-9d22-392100000032 [none]
[debug] [2025-07-08T05:53:47.118Z] <<< [apiv2][status] GET https://sqladmin.googleapis.com/v1/projects/hustlecastlecouncil/operations/d4c9ebf3-abd1-424b-9d22-392100000032 200
[debug] [2025-07-08T05:53:47.118Z] <<< [apiv2][body] GET https://sqladmin.googleapis.com/v1/projects/hustlecastlecouncil/operations/d4c9ebf3-abd1-424b-9d22-392100000032 {"kind":"sql#operation","targetLink":"https://sqladmin.googleapis.com/v1/projects/hustlecastlecouncil/instances/hustle-fdc","status":"DONE","user":"vinjazz.VC@gmail.com","insertTime":"2025-07-08T05:53:46.410Z","startTime":"2025-07-08T05:53:46.446Z","endTime":"2025-07-08T05:53:46.599Z","operationType":"CREATE_USER","name":"d4c9ebf3-abd1-424b-9d22-392100000032","targetId":"hustle-fdc","selfLink":"https://sqladmin.googleapis.com/v1/projects/hustlecastlecouncil/operations/d4c9ebf3-abd1-424b-9d22-392100000032","targetProject":"hustlecastlecouncil"}
[debug] [2025-07-08T05:53:47.118Z] > command requires scopes: ["email","openid","https://www.googleapis.com/auth/cloudplatformprojects.readonly","https://www.googleapis.com/auth/firebase","https://www.googleapis.com/auth/cloud-platform"]
[debug] [2025-07-08T05:53:47.118Z] > authorizing via signed-in user (vinjazz.vc@gmail.com)
[debug] [2025-07-08T05:53:47.118Z] Checked if tokens are valid: true, expires at: 1751955251099
[debug] [2025-07-08T05:53:47.118Z] Checked if tokens are valid: true, expires at: 1751955251099
[debug] [2025-07-08T05:53:47.119Z] >>> [apiv2][query] POST https://sqladmin.googleapis.com/v1/projects/hustlecastlecouncil/instances/hustle-fdc/users [none]
[debug] [2025-07-08T05:53:47.119Z] >>> [apiv2][body] POST https://sqladmin.googleapis.com/v1/projects/hustlecastlecouncil/instances/hustle-fdc/users {"name":"vinjazz.vc@gmail.com","instance":"hustle-fdc","project":"hustlecastlecouncil","sqlserverUserDetails":{"disabled":false,"serverRoles":["cloudsqlsuperuser"]},"type":"CLOUD_IAM_USER"}
[debug] [2025-07-08T05:53:47.695Z] <<< [apiv2][status] POST https://sqladmin.googleapis.com/v1/projects/hustlecastlecouncil/instances/hustle-fdc/users 200
[debug] [2025-07-08T05:53:47.695Z] <<< [apiv2][body] POST https://sqladmin.googleapis.com/v1/projects/hustlecastlecouncil/instances/hustle-fdc/users {"kind":"sql#operation","targetLink":"https://sqladmin.googleapis.com/v1/projects/hustlecastlecouncil/instances/hustle-fdc","status":"DONE","user":"vinjazz.VC@gmail.com","insertTime":"2025-07-08T05:53:47.332Z","startTime":"2025-07-08T05:53:47.358Z","endTime":"2025-07-08T05:53:47.494Z","operationType":"CREATE_USER","name":"86f574e5-2d7a-4dbc-9d39-110d00000032","targetId":"hustle-fdc","selfLink":"https://sqladmin.googleapis.com/v1/projects/hustlecastlecouncil/operations/86f574e5-2d7a-4dbc-9d39-110d00000032","targetProject":"hustlecastlecouncil"}
[debug] [2025-07-08T05:53:47.695Z] Checked if tokens are valid: true, expires at: 1751955251099
[debug] [2025-07-08T05:53:47.695Z] Checked if tokens are valid: true, expires at: 1751955251099
[debug] [2025-07-08T05:53:47.695Z] >>> [apiv2][query] GET https://sqladmin.googleapis.com/v1/projects/hustlecastlecouncil/operations/86f574e5-2d7a-4dbc-9d39-110d00000032 [none]
[debug] [2025-07-08T05:53:48.279Z] <<< [apiv2][status] GET https://sqladmin.googleapis.com/v1/projects/hustlecastlecouncil/operations/86f574e5-2d7a-4dbc-9d39-110d00000032 200
[debug] [2025-07-08T05:53:48.279Z] <<< [apiv2][body] GET https://sqladmin.googleapis.com/v1/projects/hustlecastlecouncil/operations/86f574e5-2d7a-4dbc-9d39-110d00000032 {"kind":"sql#operation","targetLink":"https://sqladmin.googleapis.com/v1/projects/hustlecastlecouncil/instances/hustle-fdc","status":"DONE","user":"vinjazz.VC@gmail.com","insertTime":"2025-07-08T05:53:47.332Z","startTime":"2025-07-08T05:53:47.358Z","endTime":"2025-07-08T05:53:47.494Z","operationType":"CREATE_USER","name":"86f574e5-2d7a-4dbc-9d39-110d00000032","targetId":"hustle-fdc","selfLink":"https://sqladmin.googleapis.com/v1/projects/hustlecastlecouncil/operations/86f574e5-2d7a-4dbc-9d39-110d00000032","targetProject":"hustlecastlecouncil"}
[debug] [2025-07-08T05:53:48.279Z] Checked if tokens are valid: true, expires at: 1751955251099
[debug] [2025-07-08T05:53:48.279Z] Checked if tokens are valid: true, expires at: 1751955251099
[debug] [2025-07-08T05:53:48.279Z] >>> [apiv2][query] POST https://sqladmin.googleapis.com/v1/projects/hustlecastlecouncil/instances/hustle-fdc/users [none]
[debug] [2025-07-08T05:53:48.279Z] >>> [apiv2][body] POST https://sqladmin.googleapis.com/v1/projects/hustlecastlecouncil/instances/hustle-fdc/users {"name":"service-778970862600@gcp-sa-firebasedataconnect.iam","instance":"hustle-fdc","project":"hustlecastlecouncil","sqlserverUserDetails":{"disabled":false,"serverRoles":["cloudsqlsuperuser"]},"type":"CLOUD_IAM_SERVICE_ACCOUNT"}
[debug] [2025-07-08T05:53:48.784Z] <<< [apiv2][status] POST https://sqladmin.googleapis.com/v1/projects/hustlecastlecouncil/instances/hustle-fdc/users 200
[debug] [2025-07-08T05:53:48.784Z] <<< [apiv2][body] POST https://sqladmin.googleapis.com/v1/projects/hustlecastlecouncil/instances/hustle-fdc/users {"kind":"sql#operation","targetLink":"https://sqladmin.googleapis.com/v1/projects/hustlecastlecouncil/instances/hustle-fdc","status":"DONE","user":"vinjazz.VC@gmail.com","insertTime":"2025-07-08T05:53:48.479Z","startTime":"2025-07-08T05:53:48.488Z","endTime":"2025-07-08T05:53:48.613Z","operationType":"CREATE_USER","name":"319f66d1-b77c-44da-91c9-001b00000032","targetId":"hustle-fdc","selfLink":"https://sqladmin.googleapis.com/v1/projects/hustlecastlecouncil/operations/319f66d1-b77c-44da-91c9-001b00000032","targetProject":"hustlecastlecouncil"}
[debug] [2025-07-08T05:53:48.784Z] Checked if tokens are valid: true, expires at: 1751955251099
[debug] [2025-07-08T05:53:48.784Z] Checked if tokens are valid: true, expires at: 1751955251099
[debug] [2025-07-08T05:53:48.784Z] >>> [apiv2][query] GET https://sqladmin.googleapis.com/v1/projects/hustlecastlecouncil/operations/319f66d1-b77c-44da-91c9-001b00000032 [none]
[debug] [2025-07-08T05:53:49.143Z] <<< [apiv2][status] GET https://sqladmin.googleapis.com/v1/projects/hustlecastlecouncil/operations/319f66d1-b77c-44da-91c9-001b00000032 200
[debug] [2025-07-08T05:53:49.143Z] <<< [apiv2][body] GET https://sqladmin.googleapis.com/v1/projects/hustlecastlecouncil/operations/319f66d1-b77c-44da-91c9-001b00000032 {"kind":"sql#operation","targetLink":"https://sqladmin.googleapis.com/v1/projects/hustlecastlecouncil/instances/hustle-fdc","status":"DONE","user":"vinjazz.VC@gmail.com","insertTime":"2025-07-08T05:53:48.479Z","startTime":"2025-07-08T05:53:48.488Z","endTime":"2025-07-08T05:53:48.613Z","operationType":"CREATE_USER","name":"319f66d1-b77c-44da-91c9-001b00000032","targetId":"hustle-fdc","selfLink":"https://sqladmin.googleapis.com/v1/projects/hustlecastlecouncil/operations/319f66d1-b77c-44da-91c9-001b00000032","targetProject":"hustlecastlecouncil"}
[debug] [2025-07-08T05:53:49.144Z] > command requires scopes: ["email","openid","https://www.googleapis.com/auth/cloudplatformprojects.readonly","https://www.googleapis.com/auth/firebase","https://www.googleapis.com/auth/cloud-platform"]
[debug] [2025-07-08T05:53:49.144Z] > authorizing via signed-in user (vinjazz.vc@gmail.com)
[debug] [2025-07-08T05:53:49.144Z] Checked if tokens are valid: true, expires at: 1751955251099
[debug] [2025-07-08T05:53:49.144Z] Checked if tokens are valid: true, expires at: 1751955251099
[debug] [2025-07-08T05:53:49.144Z] >>> [apiv2][query] GET https://sqladmin.googleapis.com/v1/projects/hustlecastlecouncil/instances/hustle-fdc [none]
[debug] [2025-07-08T05:53:49.483Z] <<< [apiv2][status] GET https://sqladmin.googleapis.com/v1/projects/hustlecastlecouncil/instances/hustle-fdc 200
[debug] [2025-07-08T05:53:49.483Z] <<< [apiv2][body] GET https://sqladmin.googleapis.com/v1/projects/hustlecastlecouncil/instances/hustle-fdc {"kind":"sql#instance","state":"RUNNABLE","databaseVersion":"POSTGRES_15","settings":{"authorizedGaeApplications":[],"tier":"db-f1-micro","kind":"sql#settings","userLabels":{"firebase-data-connect":"ft"},"availabilityType":"ZONAL","pricingPlan":"PER_USE","replicationType":"SYNCHRONOUS","activationPolicy":"ALWAYS","ipConfiguration":{"authorizedNetworks":[],"sslMode":"ALLOW_UNENCRYPTED_AND_ENCRYPTED","ipv4Enabled":true,"requireSsl":false,"serverCaMode":"GOOGLE_MANAGED_INTERNAL_CA"},"locationPreference":{"zone":"us-central1-f","kind":"sql#locationPreference"},"databaseFlags":[{"name":"cloudsql.iam_authentication","value":"on"}],"dataDiskType":"PD_SSD","backupConfiguration":{"startTime":"17:00","kind":"sql#backupConfiguration","backupRetentionSettings":{"retentionUnit":"COUNT","retainedBackups":7},"enabled":false,"transactionLogRetentionDays":7,"transactionalLogStorageState":"TRANSACTIONAL_LOG_STORAGE_STATE_UNSPECIFIED","backupTier":"STANDARD"},"insightsConfig":{"queryInsightsEnabled":true,"queryStringLength":1024,"queryPlansPerMinute":5},"edition":"ENTERPRISE","connectorEnforcement":"NOT_REQUIRED","settingsVersion":"6","storageAutoResizeLimit":"0","storageAutoResize":false,"dataDiskSizeGb":"10","deletionProtectionEnabled":false,"replicationLagMaxSeconds":31536000,"enableGoogleMlIntegration":false},"etag":"926bfa85206112bae0fbd9a0a1e320d2486c3614659d7db331fdefacb43c25d4","ipAddresses":[{"type":"PRIMARY","ipAddress":"35.225.232.153"},{"type":"OUTGOING","ipAddress":"34.44.176.180"}],"serverCaCert":{"kind":"sql#sslCert","certSerialNumber":"0","cert":"-----BEGIN CERTIFICATE-----\nMIIDfzCCAmegAwIBAgIBADANBgkqhkiG9w0BAQsFADB3MS0wKwYDVQQuEyRiNDgw\nOGFkOS00ZGRjLTQ2NGEtYmQ0Ny00MGUzM2I4ODYxMmMxIzAhBgNVBAMTGkdvb2ds\nZSBDbG91ZCBTUUwgU2VydmVyIENBMRQwEgYDVQQKEwtHb29nbGUsIEluYzELMAkG\nA1UEBhMCVVMwHhcNMjUwNzA0MTUwNDQwWhcNMzUwNzAyMTUwNTQwWjB3MS0wKwYD\nVQQuEyRiNDgwOGFkOS00ZGRjLTQ2NGEtYmQ0Ny00MGUzM2I4ODYxMmMxIzAhBgNV\nBAMTGkdvb2dsZSBDbG91ZCBTUUwgU2VydmVyIENBMRQwEgYDVQQKEwtHb29nbGUs\nIEluYzELMAkGA1UEBhMCVVMwggEiMA0GCSqGSIb3DQEBAQUAA4IBDwAwggEKAoIB\nAQDmuAmP7SSSultCXPw/ku3M7ppM0z8dD9qhvUKlsirvpgvvomBjzx6AIWAm/fov\n2+uuVgealcv98ONcFreeBSaV0wULXv/rVqi+T9w0v7gbgVVU+1h/DfmcA9Inpoh1\nHIJsr3IWDHOY+4SeYI1thTL6HmPJfPE+5bJWyy+YSVSUlFUaO8yv9Kek05m1Ipqj\ncCv62pyyhfXP4aVJ+s53IFDfs9Ul2Kkx/2HuTe9BUxcBi6Xj747biO17CYc9a565\nfObIphJLuQExiO2UkBSVaMauVN4skzBT44w6g5sf3NrB/c1i54YEK306F/WX85HY\nw5aHnNPhlMJIIkbpqfq3xFpJAgMBAAGjFjAUMBIGA1UdEwEB/wQIMAYBAf8CAQAw\nDQYJKoZIhvcNAQELBQADggEBAK5k7Mt5acZiOQERzUZNseNJ8DsH4raMuu2xQUjZ\nzaN7sZTa8oovmfRMVeCHiQXOjhhpsHXOcOwL57PX1mW+zrViMuEgzYfaBU8jBXW3\naoGKjf8t33fFCdQEnjbCttl3oFvtrt0yn8o4KcLo/u26mIgvtPd819EQkCW8Jq7o\njUFWObbPCGGyIVyw5tfVObFJYEytwa+R6p0KIvGsCFfVs1DbPsPH4PF/qLmp2Ycx\nhn0VLAUZxiw298QnESWckH9Eg4qC9NebJf9IEFz1vlXTZQaDwAs60PnBPR2ZHwkp\nkMc+zsXGt/8wW+gmSoqPOv6j9BEQaZx5xhbxLhtYU55zsxU=\n-----END CERTIFICATE-----","commonName":"C=US,O=Google\\, Inc,CN=Google Cloud SQL Server CA,dnQualifier=b4808ad9-4ddc-464a-bd47-40e33b88612c","sha1Fingerprint":"4b16aa13edb730dad72e47037d400566a7aff531","instance":"hustle-fdc","createTime":"2025-07-04T15:04:40.468Z","expirationTime":"2035-07-02T15:05:40.468Z"},"instanceType":"CLOUD_SQL_INSTANCE","project":"hustlecastlecouncil","serviceAccountEmailAddress":"p778970862600-veoxaz@gcp-sa-cloud-sql.iam.gserviceaccount.com","backendType":"SECOND_GEN","selfLink":"https://sqladmin.googleapis.com/v1/projects/hustlecastlecouncil/instances/hustle-fdc","connectionName":"hustlecastlecouncil:us-central1:hustle-fdc","name":"hustle-fdc","region":"us-central1","gceZone":"us-central1-f","databaseInstalledVersion":"POSTGRES_15_13","maintenanceVersion":"POSTGRES_15_13.R20250302.00_31","createTime":"2025-07-04T15:04:01.597Z","sqlNetworkArchitecture":"NEW_NETWORK_ARCHITECTURE","satisfiesPzi":false,"includeReplicasForMajorVersionUpgrade":false}
[debug] [2025-07-08T05:53:49.483Z] Checked if tokens are valid: true, expires at: 1751955251099
[debug] [2025-07-08T05:53:49.483Z] Checked if tokens are valid: true, expires at: 1751955251099
[debug] [2025-07-08T05:53:49.483Z] >>> [apiv2][query] GET https://sqladmin.googleapis.com/v1/projects/hustlecastlecouncil/instances/hustle-fdc/users/vinjazz.vc@gmail.com [none]
[debug] [2025-07-08T05:53:49.913Z] <<< [apiv2][status] GET https://sqladmin.googleapis.com/v1/projects/hustlecastlecouncil/instances/hustle-fdc/users/vinjazz.vc@gmail.com 200
[debug] [2025-07-08T05:53:49.914Z] <<< [apiv2][body] GET https://sqladmin.googleapis.com/v1/projects/hustlecastlecouncil/instances/hustle-fdc/users/vinjazz.vc@gmail.com {"kind":"sql#user","etag":"75b34b8aeb1992b6c0c48dc50f580de22e344c6c767bec5ddf19ff83813784b5","name":"vinjazz.vc@gmail.com","host":"","instance":"hustle-fdc","project":"hustlecastlecouncil","type":"CLOUD_IAM_USER"}
[debug] [2025-07-08T05:53:50.096Z] Checked if tokens are valid: true, expires at: 1751955251099
[debug] [2025-07-08T05:53:50.096Z] Checked if tokens are valid: true, expires at: 1751955251099
[debug] [2025-07-08T05:53:50.096Z] >>> [apiv2][query] GET https://sqladmin.googleapis.com/sql/v1beta4/projects/hustlecastlecouncil/instances/hustle-fdc/connectSettings 
[debug] [2025-07-08T05:53:51.278Z] <<< [apiv2][status] GET https://sqladmin.googleapis.com/sql/v1beta4/projects/hustlecastlecouncil/instances/hustle-fdc/connectSettings 200
[debug] [2025-07-08T05:53:51.278Z] <<< [apiv2][body] GET https://sqladmin.googleapis.com/sql/v1beta4/projects/hustlecastlecouncil/instances/hustle-fdc/connectSettings {"kind":"sql#connectSettings","serverCaCert":{"kind":"sql#sslCert","certSerialNumber":"0","cert":"-----BEGIN CERTIFICATE-----\nMIIDfzCCAmegAwIBAgIBADANBgkqhkiG9w0BAQsFADB3MS0wKwYDVQQuEyRiNDgw\nOGFkOS00ZGRjLTQ2NGEtYmQ0Ny00MGUzM2I4ODYxMmMxIzAhBgNVBAMTGkdvb2ds\nZSBDbG91ZCBTUUwgU2VydmVyIENBMRQwEgYDVQQKEwtHb29nbGUsIEluYzELMAkG\nA1UEBhMCVVMwHhcNMjUwNzA0MTUwNDQwWhcNMzUwNzAyMTUwNTQwWjB3MS0wKwYD\nVQQuEyRiNDgwOGFkOS00ZGRjLTQ2NGEtYmQ0Ny00MGUzM2I4ODYxMmMxIzAhBgNV\nBAMTGkdvb2dsZSBDbG91ZCBTUUwgU2VydmVyIENBMRQwEgYDVQQKEwtHb29nbGUs\nIEluYzELMAkGA1UEBhMCVVMwggEiMA0GCSqGSIb3DQEBAQUAA4IBDwAwggEKAoIB\nAQDmuAmP7SSSultCXPw/ku3M7ppM0z8dD9qhvUKlsirvpgvvomBjzx6AIWAm/fov\n2+uuVgealcv98ONcFreeBSaV0wULXv/rVqi+T9w0v7gbgVVU+1h/DfmcA9Inpoh1\nHIJsr3IWDHOY+4SeYI1thTL6HmPJfPE+5bJWyy+YSVSUlFUaO8yv9Kek05m1Ipqj\ncCv62pyyhfXP4aVJ+s53IFDfs9Ul2Kkx/2HuTe9BUxcBi6Xj747biO17CYc9a565\nfObIphJLuQExiO2UkBSVaMauVN4skzBT44w6g5sf3NrB/c1i54YEK306F/WX85HY\nw5aHnNPhlMJIIkbpqfq3xFpJAgMBAAGjFjAUMBIGA1UdEwEB/wQIMAYBAf8CAQAw\nDQYJKoZIhvcNAQELBQADggEBAK5k7Mt5acZiOQERzUZNseNJ8DsH4raMuu2xQUjZ\nzaN7sZTa8oovmfRMVeCHiQXOjhhpsHXOcOwL57PX1mW+zrViMuEgzYfaBU8jBXW3\naoGKjf8t33fFCdQEnjbCttl3oFvtrt0yn8o4KcLo/u26mIgvtPd819EQkCW8Jq7o\njUFWObbPCGGyIVyw5tfVObFJYEytwa+R6p0KIvGsCFfVs1DbPsPH4PF/qLmp2Ycx\nhn0VLAUZxiw298QnESWckH9Eg4qC9NebJf9IEFz1vlXTZQaDwAs60PnBPR2ZHwkp\nkMc+zsXGt/8wW+gmSoqPOv6j9BEQaZx5xhbxLhtYU55zsxU=\n-----END CERTIFICATE-----","commonName":"C=US,O=Google\\, Inc,CN=Google Cloud SQL Server CA,dnQualifier=b4808ad9-4ddc-464a-bd47-40e33b88612c","sha1Fingerprint":"4b16aa13edb730dad72e47037d400566a7aff531","instance":"hustle-fdc","createTime":"2025-07-04T15:04:40.468Z","expirationTime":"2035-07-02T15:05:40.468Z"},"ipAddresses":[{"type":"PRIMARY","ipAddress":"35.225.232.153"},{"type":"OUTGOING","ipAddress":"34.44.176.180"}],"region":"us-central1","databaseVersion":"POSTGRES_15","backendType":"SECOND_GEN","serverCaMode":"GOOGLE_MANAGED_INTERNAL_CA"}
[debug] [2025-07-08T05:53:51.278Z] Checked if tokens are valid: true, expires at: 1751955251099
[debug] [2025-07-08T05:53:51.278Z] Checked if tokens are valid: true, expires at: 1751955251099
[debug] [2025-07-08T05:53:51.279Z] Checked if tokens are valid: true, expires at: 1751955251099
[debug] [2025-07-08T05:53:51.279Z] Checked if tokens are valid: true, expires at: 1751955251099
[debug] [2025-07-08T05:53:51.279Z] >>> [apiv2][query] POST https://sqladmin.googleapis.com/sql/v1beta4/projects/hustlecastlecouncil/instances/hustle-fdc:generateEphemeralCert 
[debug] [2025-07-08T05:53:51.279Z] >>> [apiv2][body] POST https://sqladmin.googleapis.com/sql/v1beta4/projects/hustlecastlecouncil/instances/hustle-fdc:generateEphemeralCert {"public_key":"-----BEGIN PUBLIC KEY-----\nMIIBIjANBgkqhkiG9w0BAQEFAAOCAQ8AMIIBCgKCAQEAuKG6BzNrBgMeHMXATW9D\ngXrW2R2OPddkopbcJsFZ1SHMmDAmXPuCTZ+EGgeH/yarO9vVAntYFHwNUEpNFYsO\nc9X3lM2amFRGQyLjBBgzEAZ+oVoxeNHzCJXs51U18trpayX79pAYDdsdLGINARaf\n5EEYp1nbV4+QzXl7Nj/5ABjfx5atxBa6d7So45G+30h5p2AHG+uJ3moEJdZKNQL2\nVIroraBouJ3hMwtiB1vlftYh8AWll9g9sidKQV16ybEIY/sJR0FqY0Uk1vqRAzWd\nYlb9oipQeJdIOlO4TDoiICN1Wck9Uj6rXgUfFlXsI/gT0FCQxgyWr4CvzlZ+YaBE\nkwIDAQAB\n-----END PUBLIC KEY-----\n","access_token":"ya29.a0AS3H6NzvQVEwC-sZXIfocqM29dZg0TEzokHesY0QaRc7VbPBkYyb8IJlfvm46al7f78vKmfLt90J3jpq_u0JX6seySTOWAUlujZbPme74yjV6Z9C9btGat-moTtE2O7ADyg5hqJ-LAS-TxqX1Jk8W8QHoOMsVqxiJB6OsDmfxAl6Wc8aCgYKAYISARUSFQHGX2MiLE_Jz3SN7etwQRcQMnv0Xw0182"}
[debug] [2025-07-08T05:53:52.453Z] <<< [apiv2][status] POST https://sqladmin.googleapis.com/sql/v1beta4/projects/hustlecastlecouncil/instances/hustle-fdc:generateEphemeralCert 200
[debug] [2025-07-08T05:53:52.453Z] <<< [apiv2][body] POST https://sqladmin.googleapis.com/sql/v1beta4/projects/hustlecastlecouncil/instances/hustle-fdc:generateEphemeralCert {"ephemeralCert":{"kind":"sql#sslCert","certSerialNumber":"","cert":"-----BEGIN CERTIFICATE-----\nMIIEgzCCA2ugAwIBAgIEVJadwTANBgkqhkiG9w0BAQsFADCBlzEtMCsGA1UELhMk\nZGU0YWY4MTktMWVjNy00ZGVkLWEzYmItYzljOWViNTFmNTlhMUMwQQYDVQQDEzpH\nb29nbGUgQ2xvdWQgU1FMIFNpZ25pbmcgQ0EgaHVzdGxlY2FzdGxlY291bmNpbDpo\ndXN0bGUtZmRjMRQwEgYDVQQKEwtHb29nbGUsIEluYzELMAkGA1UEBhMCVVMwHhcN\nMjUwNzA4MDU1MjUyWhcNMjUwNzA4MDY1MzUyWjA7MRYwFAYDVQQDEw1jbG91ZHNx\nbC11c2VyMRQwEgYDVQQKEwtHb29nbGUsIEluYzELMAkGA1UEBhMCVVMwggEiMA0G\nCSqGSIb3DQEBAQUAA4IBDwAwggEKAoIBAQC4oboHM2sGAx4cxcBNb0OBetbZHY49\n12SiltwmwVnVIcyYMCZc+4JNn4QaB4f/Jqs729UCe1gUfA1QSk0Viw5z1feUzZqY\nVEZDIuMEGDMQBn6hWjF40fMIleznVTXy2ulrJfv2kBgN2x0sYg0BFp/kQRinWdtX\nj5DNeXs2P/kAGN/Hlq3EFrp3tKjjkb7fSHmnYAcb64neagQl1ko1AvZUiuitoGi4\nneEzC2IHW+V+1iHwBaWX2D2yJ0pBXXrJsQhj+wlHQWpjRSTW+pEDNZ1iVv2iKlB4\nl0g6U7hMOiIgI3VZyT1SPqteBR8WVewj+BPQUJDGDJavgK/OVn5hoESTAgMBAAGj\nggEwMIIBLDAJBgNVHRMEAjAAMIIBHQYDVR0RBIIBFDCCARCBFHZpbmphenouVkNA\nZ21haWwuY29toIH3BgFVoIHxA4HuAA0AAAAAGuUBeWEyOS5hMEFTM0g2Tnp2UVZF\nd0Mtc1pYSWZvY3FNMjlkWmcwVEV6b2tIZXNZMFFhUmM3VmJQQmtZeWI4SUpsZnZt\nNDZhbDdmNzh2S21mTHQ5MEozanBxX3UwSlg2c2V5U1RPV0FVbHVqWmJQbWU3NHlq\nVjZaOUM5YnRHYXQtbW9UdEUyTzdBRHlnNWhxSi1MQVMtVHhxWDFKazhXOFFIb09N\nc1ZxeGlKQjZPc0RtZnhBbDZXYzhhQ2dZS0FZSVNBUlVTRlFIR1gyTWlMRV9KejNT\nTjdldHdRUmNRTW52MFh3MDE4MjANBgkqhkiG9w0BAQsFAAOCAQEAGNzSITRevCGe\ntaKwdvPgUxfSNok4M1h+dguLQOnV/iivwoMA0hwgDYoG42mZdOYR5MXqVu6agEcK\n8hyivuh/omv0/Al4ugniziN9obFoa4CJ+dBkq+832bzWfC6ebcXulWMuSBIoz7P/\nimSpNFbisTOgCtrKhD0WN/R9fIf+H1Ad6qPyb1cOx7ekChM0j6qxCv9pBLJ/PnV1\nknQyPPyYmpGSz/AXfo//F85EcobxbgRmThcuvkHrSYQU7VWOzzhMaLceDOvVaeYB\nsceMezVBKlqSwnixFmSFhqoAg04Tp1YlkXnMCVwW9MecjjWcEld06+h5mPZAkjsv\nnvvfuHsM6A==\n-----END CERTIFICATE-----"}}
[debug] [2025-07-08T05:54:13.515Z] Error: connect ETIMEDOUT 35.225.232.153:3307
    at C:\Users\vincenzo.carrubba\AppData\Roaming\npm\node_modules\firebase-tools\node_modules\pg-pool\index.js:45:11
    at process.processTicksAndRejections (node:internal/process/task_queues:105:5)
    at async execute (C:\Users\vincenzo.carrubba\AppData\Roaming\npm\node_modules\firebase-tools\lib\gcp\cloudsql\connect.js:67:18)
    at async executeSqlCmdsAsIamUser (C:\Users\vincenzo.carrubba\AppData\Roaming\npm\node_modules\firebase-tools\lib\gcp\cloudsql\connect.js:93:12)
    at async getSchemaMetadata (C:\Users\vincenzo.carrubba\AppData\Roaming\npm\node_modules\firebase-tools\lib\gcp\cloudsql\permissionsSetup.js:136:31)
    at async setupSchemaIfNecessary (C:\Users\vincenzo.carrubba\AppData\Roaming\npm\node_modules\firebase-tools\lib\dataconnect\schemaMigration.js:21:24)
    at async migrateSchema (C:\Users\vincenzo.carrubba\AppData\Roaming\npm\node_modules\firebase-tools\lib\dataconnect\schemaMigration.js:104:5)
    at async default_1 (C:\Users\vincenzo.carrubba\AppData\Roaming\npm\node_modules\firebase-tools\lib\deploy\dataconnect\release.js:29:13)
    at async chain (C:\Users\vincenzo.carrubba\AppData\Roaming\npm\node_modules\firebase-tools\lib\deploy\index.js:42:9)
    at async deploy (C:\Users\vincenzo.carrubba\AppData\Roaming\npm\node_modules\firebase-tools\lib\deploy\index.js:121:5)
[error] 
[error] Error: An unexpected error has occurred.
[debug] [2025-07-08T05:54:13.602Z] Checked if tokens are valid: true, expires at: 1751955251099
[debug] [2025-07-08T05:54:13.602Z] Checked if tokens are valid: true, expires at: 1751955251099
[debug] [2025-07-08T05:54:13.602Z] >>> [apiv2][query] GET https://sqladmin.googleapis.com/sql/v1beta4/projects/hustlecastlecouncil/instances/hustle-fdc/connectSettings 
