[debug] [2025-07-07T13:00:55.772Z] ----------------------------------------------------------------------
[debug] [2025-07-07T13:00:55.776Z] Command:       C:\Program Files\nodejs\node.exe C:\Users\vincenzo.carrubba\AppData\Roaming\npm\node_modules\firebase-tools\lib\bin\firebase.js deploy
[debug] [2025-07-07T13:00:55.777Z] CLI Version:   14.9.0
[debug] [2025-07-07T13:00:55.777Z] Platform:      win32
[debug] [2025-07-07T13:00:55.777Z] Node Version:  v22.17.0
[debug] [2025-07-07T13:00:55.777Z] Time:          Mon Jul 07 2025 15:00:55 GMT+0200 (Ora legale dell’Europa centrale)
[debug] [2025-07-07T13:00:55.777Z] ----------------------------------------------------------------------
[debug] 
[debug] [2025-07-07T13:00:55.781Z] >>> [apiv2][query] GET https://firebase-public.firebaseio.com/cli.json [none]
[debug] [2025-07-07T13:00:56.058Z] > command requires scopes: ["email","openid","https://www.googleapis.com/auth/cloudplatformprojects.readonly","https://www.googleapis.com/auth/firebase","https://www.googleapis.com/auth/cloud-platform"]
[debug] [2025-07-07T13:00:56.058Z] > authorizing via signed-in user (vinjazz.vc@gmail.com)
[debug] [2025-07-07T13:00:56.058Z] [iam] checking project hustlecastlecouncil for permissions ["cloudsql.databases.create","cloudsql.databases.update","cloudsql.instances.connect","cloudsql.instances.create","cloudsql.instances.get","cloudsql.instances.list","cloudsql.instances.update","cloudsql.users.create","firebase.projects.get","firebasedataconnect.connectors.create","firebasedataconnect.connectors.delete","firebasedataconnect.connectors.list","firebasedataconnect.connectors.update","firebasedataconnect.operations.get","firebasedataconnect.schemas.create","firebasedataconnect.schemas.delete","firebasedataconnect.schemas.list","firebasedataconnect.schemas.update","firebasedataconnect.services.create","firebasedataconnect.services.delete","firebasedataconnect.services.list","firebasedataconnect.services.update","firebasehosting.sites.update"]
[debug] [2025-07-07T13:00:56.059Z] Checked if tokens are valid: false, expires at: 1751727945495
[debug] [2025-07-07T13:00:56.059Z] Checked if tokens are valid: false, expires at: 1751727945495
[debug] [2025-07-07T13:00:56.059Z] > refreshing access token with scopes: []
[debug] [2025-07-07T13:00:56.060Z] >>> [apiv2][query] POST https://www.googleapis.com/oauth2/v3/token [none]
[debug] [2025-07-07T13:00:56.060Z] >>> [apiv2][body] POST https://www.googleapis.com/oauth2/v3/token [omitted]
[debug] [2025-07-07T13:00:56.166Z] *** [apiv2] error from fetch(https://firebase-public.firebaseio.com/cli.json, {"headers":{},"method":"GET"}): FetchError: request to https://firebase-public.firebaseio.com/cli.json failed, reason: self-signed certificate in certificate chain
[warn] !  Unable to fetch the CLI MOTD and remote config. This is not a fatal error, but may indicate an issue with your network connection. 
[debug] [2025-07-07T13:00:56.166Z] Failed to fetch MOTD FirebaseError: Failed to make request to https://firebase-public.firebaseio.com/cli.json
[debug] [2025-07-07T13:00:56.376Z] <<< [apiv2][status] POST https://www.googleapis.com/oauth2/v3/token 200
[debug] [2025-07-07T13:00:56.376Z] <<< [apiv2][body] POST https://www.googleapis.com/oauth2/v3/token [omitted]
[debug] [2025-07-07T13:00:56.389Z] >>> [apiv2][query] POST https://cloudresourcemanager.googleapis.com/v1/projects/hustlecastlecouncil:testIamPermissions [none]
[debug] [2025-07-07T13:00:56.389Z] >>> [apiv2][(partial)header] POST https://cloudresourcemanager.googleapis.com/v1/projects/hustlecastlecouncil:testIamPermissions x-goog-quota-user=projects/hustlecastlecouncil
[debug] [2025-07-07T13:00:56.389Z] >>> [apiv2][body] POST https://cloudresourcemanager.googleapis.com/v1/projects/hustlecastlecouncil:testIamPermissions {"permissions":["cloudsql.databases.create","cloudsql.databases.update","cloudsql.instances.connect","cloudsql.instances.create","cloudsql.instances.get","cloudsql.instances.list","cloudsql.instances.update","cloudsql.users.create","firebase.projects.get","firebasedataconnect.connectors.create","firebasedataconnect.connectors.delete","firebasedataconnect.connectors.list","firebasedataconnect.connectors.update","firebasedataconnect.operations.get","firebasedataconnect.schemas.create","firebasedataconnect.schemas.delete","firebasedataconnect.schemas.list","firebasedataconnect.schemas.update","firebasedataconnect.services.create","firebasedataconnect.services.delete","firebasedataconnect.services.list","firebasedataconnect.services.update","firebasehosting.sites.update"]}
[debug] [2025-07-07T13:00:57.361Z] <<< [apiv2][status] POST https://cloudresourcemanager.googleapis.com/v1/projects/hustlecastlecouncil:testIamPermissions 200
[debug] [2025-07-07T13:00:57.361Z] <<< [apiv2][body] POST https://cloudresourcemanager.googleapis.com/v1/projects/hustlecastlecouncil:testIamPermissions {"permissions":["cloudsql.databases.create","cloudsql.databases.update","cloudsql.instances.connect","cloudsql.instances.create","cloudsql.instances.get","cloudsql.instances.list","cloudsql.instances.update","cloudsql.users.create","firebase.projects.get","firebasedataconnect.connectors.create","firebasedataconnect.connectors.delete","firebasedataconnect.connectors.list","firebasedataconnect.connectors.update","firebasedataconnect.operations.get","firebasedataconnect.schemas.create","firebasedataconnect.schemas.delete","firebasedataconnect.schemas.list","firebasedataconnect.schemas.update","firebasedataconnect.services.create","firebasedataconnect.services.delete","firebasedataconnect.services.list","firebasedataconnect.services.update","firebasehosting.sites.update"]}
[debug] [2025-07-07T13:00:57.362Z] Checked if tokens are valid: true, expires at: 1751896855377
[debug] [2025-07-07T13:00:57.362Z] Checked if tokens are valid: true, expires at: 1751896855377
[debug] [2025-07-07T13:00:57.363Z] >>> [apiv2][query] GET https://firebase.googleapis.com/v1beta1/projects/hustlecastlecouncil [none]
[debug] [2025-07-07T13:00:57.823Z] <<< [apiv2][status] GET https://firebase.googleapis.com/v1beta1/projects/hustlecastlecouncil 200
[debug] [2025-07-07T13:00:57.824Z] <<< [apiv2][body] GET https://firebase.googleapis.com/v1beta1/projects/hustlecastlecouncil {"projectId":"hustlecastlecouncil","projectNumber":"778970862600","displayName":"HustleCastleCouncil","name":"projects/hustlecastlecouncil","resources":{"hostingSite":"hustlecastlecouncil","realtimeDatabaseInstance":"hustlecastlecouncil-default-rtdb"},"state":"ACTIVE","etag":"1_2ef02108-020a-456a-8b90-61464196be51"}
[info] 
[info] === Deploying to 'hustlecastlecouncil'...
[info] 
[info] i  deploying hosting, dataconnect 
[debug] [2025-07-07T13:00:57.828Z] Checked if tokens are valid: true, expires at: 1751896855377
[debug] [2025-07-07T13:00:57.828Z] Checked if tokens are valid: true, expires at: 1751896855377
[debug] [2025-07-07T13:00:57.828Z] >>> [apiv2][query] POST https://firebasehosting.googleapis.com/v1beta1/projects/-/sites/hustlecastlecouncil/versions [none]
[debug] [2025-07-07T13:00:57.828Z] >>> [apiv2][body] POST https://firebasehosting.googleapis.com/v1beta1/projects/-/sites/hustlecastlecouncil/versions {"status":"CREATED","labels":{"deployment-tool":"cli-firebase"}}
[debug] [2025-07-07T13:00:59.209Z] <<< [apiv2][status] POST https://firebasehosting.googleapis.com/v1beta1/projects/-/sites/hustlecastlecouncil/versions 200
[debug] [2025-07-07T13:00:59.210Z] <<< [apiv2][body] POST https://firebasehosting.googleapis.com/v1beta1/projects/-/sites/hustlecastlecouncil/versions {"name":"projects/778970862600/sites/hustlecastlecouncil/versions/6857f14f29b682d3","status":"CREATED","config":{},"labels":{"deployment-tool":"cli-firebase"}}
[debug] [2025-07-07T13:00:59.211Z] Checked if tokens are valid: true, expires at: 1751896855377
[debug] [2025-07-07T13:00:59.211Z] Checked if tokens are valid: true, expires at: 1751896855377
[debug] [2025-07-07T13:00:59.211Z] >>> [apiv2][query] GET https://cloudbilling.googleapis.com/v1/projects/hustlecastlecouncil/billingInfo [none]
[debug] [2025-07-07T13:01:00.184Z] <<< [apiv2][status] GET https://cloudbilling.googleapis.com/v1/projects/hustlecastlecouncil/billingInfo 200
[debug] [2025-07-07T13:01:00.184Z] <<< [apiv2][body] GET https://cloudbilling.googleapis.com/v1/projects/hustlecastlecouncil/billingInfo {"name":"projects/hustlecastlecouncil/billingInfo","projectId":"hustlecastlecouncil","billingAccountName":"billingAccounts/0161F3-30B382-D671A6","billingEnabled":true}
[info] i  dataconnect: ensuring required API firebasedataconnect.googleapis.com is enabled... 
[info] i  dataconnect: ensuring required API sqladmin.googleapis.com is enabled... 
[info] i  dataconnect: ensuring required API compute.googleapis.com is enabled... 
[debug] [2025-07-07T13:01:00.188Z] Checked if tokens are valid: true, expires at: 1751896855377
[debug] [2025-07-07T13:01:00.188Z] Checked if tokens are valid: true, expires at: 1751896855377
[debug] [2025-07-07T13:01:00.188Z] >>> [apiv2][query] GET https://mobilesdk-pa.googleapis.com/v1/accessmanagement/tos:getStatus [none]
[debug] [2025-07-07T13:01:00.621Z] <<< [apiv2][status] GET https://mobilesdk-pa.googleapis.com/v1/accessmanagement/tos:getStatus 200
[debug] [2025-07-07T13:01:00.621Z] <<< [apiv2][body] GET https://mobilesdk-pa.googleapis.com/v1/accessmanagement/tos:getStatus {"overallStatus":"ACCEPTED","uTosStatus":{"tos":{"id":"firebase","tosId":"FIREBASE_UNIVERSAL"},"status":"ACCEPTED","acceptedVersion":7},"childTosStatus":[{"tos":{"id":"cloud","tosId":"CLOUD_PLATFORM"},"status":"ACCEPTED","acceptedVersion":38},{"tos":{"id":"firebase_b2b","tosId":"FIREBASE_B2B"},"status":"ACCEPTED","acceptedVersion":1},{"tos":{"id":"universal","tosId":"GOOGLE_APIS"},"status":"ACCEPTED","acceptedVersion":6}],"termsUrl":"https://firebase.google.com/terms","perServiceStatus":[{"tosId":"APP_CHECK","serviceStatus":{"tos":{"id":"app_check","tosId":"APP_CHECK"},"status":"ACCEPTED","acceptedVersion":3}},{"tosId":"APP_HOSTING_TOS","serviceStatus":{"tos":{"id":"app_hosting","tosId":"APP_HOSTING_TOS"},"status":"ACCEPTED","acceptedVersion":3}},{"tosId":"FIREBASE_DATA_CONNECT","serviceStatus":{"tos":{"id":"data_connect","tosId":"FIREBASE_DATA_CONNECT"},"status":"ACCEPTED","acceptedVersion":3}},{"tosId":"CORE_APPS","serviceStatus":{"tos":{"id":"core_apps","tosId":"CORE_APPS"},"status":"ACCEPTED","acceptedVersion":1}},{"tosId":"VERTEX_AI_IN_FIREBASE","serviceStatus":{"tos":{"id":"vertex_ai_in_firebase","tosId":"VERTEX_AI_IN_FIREBASE"},"status":"ACCEPTED","acceptedVersion":2}},{"tosId":"FIREBASE_CRASHLYTICS_APP_DISTRIBUTION","serviceStatus":{"tos":{"id":"firebase_crashlytics_app_distribution","tosId":"FIREBASE_CRASHLYTICS_APP_DISTRIBUTION"},"status":"ACCEPTED","acceptedVersion":4}},{"tosId":"GENERATIVE_LANGUAGE","serviceStatus":{"tos":{"id":"generative-language-api","tosId":"GENERATIVE_LANGUAGE"},"status":"ACCEPTED","acceptedVersion":3}}]}
[info] i  dataconnect: Preparing to deploy 
[debug] [2025-07-07T13:01:00.643Z] defaultcredentials: writing to file C:\Users\vincenzo.carrubba\AppData\Roaming\firebase\vinjazz_vc_gmail.com_application_default_credentials.json
[debug] [2025-07-07T13:01:02.789Z] I0707 15:01:02.729581   16016 control.go:84] [/emulator/hustle d4ea] UpdateResources(): done
Schema: sources: schema\schema.gql [2088B] 
Connector "default": sources: connector\queries.gql [1802B] connector\mutations.gql [1233B] 
 {"metadata":{"emulator":{"name":"dataconnect"},"message":"I0707 15:01:02.729581   16016 control.go:84] [/emulator/hustle d4ea] UpdateResources(): done\nSchema: sources: schema\\schema.gql [2088B] \nConnector \"default\": sources: connector\\queries.gql [1802B] connector\\mutations.gql [1233B] \n"}}
[info] i  dataconnect: Successfully prepared schema and connectors 
[debug] [2025-07-07T13:01:02.790Z] {
  "serviceInfos": [
    {
      "serviceName": "projects/hustlecastlecouncil/locations/us-central1/services/hustle",
      "sourceDirectory": "C:\\Users\\vincenzo.carrubba\\GitHub\\hustle\\dataconnect",
      "schema": {
        "name": "projects/hustlecastlecouncil/locations/us-central1/services/hustle/schemas/main",
        "datasources": [
          {
            "postgresql": {
              "database": "fdcdb",
              "cloudSql": {
                "instance": "projects/hustlecastlecouncil/locations/us-central1/instances/hustle-fdc"
              }
            }
          }
        ],
        "source": {
          "files": [
            {
              "path": "schema.gql",
              "content": "# # Example schema for simple movie review app\n\n# # User table is keyed by Firebase Auth UID.\n# type User @table {\n#   # `@default(expr: \"auth.uid\")` sets it to Firebase Auth UID during insert and upsert.\n#   id: String! @default(expr: \"auth.uid\")\n#   username: String! @col(dataType: \"varchar(50)\")\n#   # The `user: User!` field in the Review table generates the following one-to-many query field.\n#   #  reviews_on_user: [Review!]!\n#   # The `Review` join table the following many-to-many query field.\n#   #  movies_via_Review: [Movie!]!\n# }\n\n# # Movie is keyed by a randomly generated UUID.\n# type Movie @table {\n#   # If you do not pass a 'key' to `@table`, Data Connect automatically adds the following 'id' column.\n#   # Feel free to uncomment and customize it.\n#   #  id: UUID! @default(expr: \"uuidV4()\")\n#   title: String!\n#   imageUrl: String!\n#   genre: String\n# }\n\n# # MovieMetadata is a metadata attached to a Movie.\n# # Movie <-> MovieMetadata is a one-to-one relationship\n# type MovieMetadata @table {\n#   # @unique ensures each Movie can only one MovieMetadata.\n#   movie: Movie! @unique\n#   # The movie field adds the following foreign key field. Feel free to uncomment and customize it.\n#   #  movieId: UUID!\n#   rating: Float\n#   releaseYear: Int\n#   description: String\n# }\n\n# # Reviews is a join table between User and Movie.\n# # It has a composite primary keys `userUid` and `movieId`.\n# # A user can leave reviews for many movies. A movie can have reviews from many users.\n# # User  <-> Review is a one-to-many relationship\n# # Movie <-> Review is a one-to-many relationship\n# # Movie <-> User is a many-to-many relationship\n# type Review @table(name: \"Reviews\", key: [\"movie\", \"user\"]) {\n#   user: User!\n#   # The user field adds the following foreign key field. Feel free to uncomment and customize it.\n#   #  userUid: String!\n#   movie: Movie!\n#   # The movie field adds the following foreign key field. Feel free to uncomment and customize it.\n#   #  movieId: UUID!\n#   rating: Int\n#   reviewText: String\n#   reviewDate: Date! @default(expr: \"request.time\")\n# }\n"
            }
          ]
        }
      },
      "dataConnectYaml": {
        "specVersion": "v1",
        "serviceId": "hustle",
        "location": "us-central1",
        "schema": {
          "source": "./schema",
          "datasource": {
            "postgresql": {
              "database": "fdcdb",
              "cloudSql": {
                "instanceId": "hustle-fdc"
              }
            }
          }
        },
        "connectorDirs": [
          "./connector"
        ]
      },
      "connectorInfo": [
        {
          "directory": "C:\\Users\\vincenzo.carrubba\\GitHub\\hustle\\dataconnect\\connector",
          "connectorYaml": {
            "connectorId": "default"
          },
          "connector": {
            "name": "projects/hustlecastlecouncil/locations/us-central1/services/hustle/connectors/default",
            "source": {
              "files": [
                {
                  "path": "mutations.gql",
                  "content": "# # Example mutations for a simple movie app\n\n# # Create a movie based on user input\n# mutation CreateMovie($title: String!, $genre: String!, $imageUrl: String!)\n# @auth(level: USER_EMAIL_VERIFIED) {\n#   movie_insert(data: { title: $title, genre: $genre, imageUrl: $imageUrl })\n# }\n\n# # Upsert (update or insert) a user's username based on their auth.uid\n# mutation UpsertUser($username: String!) @auth(level: USER) {\n#   # The \"auth.uid\" server value ensures that users can only register their own user.\n#   user_upsert(data: { id_expr: \"auth.uid\", username: $username })\n# }\n\n# # Add a review for a movie\n# mutation AddReview($movieId: UUID!, $rating: Int!, $reviewText: String!)\n# @auth(level: USER) {\n#   review_upsert(\n#     data: {\n#       userId_expr: \"auth.uid\"\n#       movieId: $movieId\n#       rating: $rating\n#       reviewText: $reviewText\n#       # reviewDate defaults to today in the schema. No need to set it manually.\n#     }\n#   )\n# }\n\n# # Logged in user can delete their review for a movie\n# mutation DeleteReview($movieId: UUID!) @auth(level: USER) {\n#   # The \"auth.uid\" server value ensures that users can only delete their own reviews.\n#   review_delete(key: { userId_expr: \"auth.uid\", movieId: $movieId })\n# }\n"
                },
                {
                  "path": "queries.gql",
                  "content": "# # Example queries for a simple movie app.\n\n# # @auth() directives control who can call each operation.\n# # Anyone should be able to list all movies, so the auth level is set to PUBLIC\n# query ListMovies @auth(level: PUBLIC) {\n#   movies {\n#     id\n#     title\n#     imageUrl\n#     genre\n#   }\n# }\n\n# # List all users, only admins should be able to list all users, so we use NO_ACCESS\n# query ListUsers @auth(level: NO_ACCESS) {\n#   users {\n#     id\n#     username\n#   }\n# }\n\n# # Logged in users can list all their reviews and movie titles associated with the review\n# # Since the query uses the uid of the current authenticated user, we set auth level to USER\n# query ListUserReviews @auth(level: USER) {\n#   user(key: { id_expr: \"auth.uid\" }) {\n#     id\n#     username\n#     # <field>_on_<foreign_key_field> makes it easy to grab info from another table\n#     # Here, we use it to grab all the reviews written by the user.\n#     reviews: reviews_on_user {\n#       rating\n#       reviewDate\n#       reviewText\n#       movie {\n#         id\n#         title\n#       }\n#     }\n#   }\n# }\n\n# # Get movie by id\n# query GetMovieById($id: UUID!) @auth(level: PUBLIC) {\n#   movie(id: $id) {\n#     id\n#     title\n#     imageUrl\n#     genre\n#     metadata: movieMetadata_on_movie {\n#       rating\n#       releaseYear\n#       description\n#     }\n#     reviews: reviews_on_movie {\n#       reviewText\n#       reviewDate\n#       rating\n#       user {\n#         id\n#         username\n#       }\n#     }\n#   }\n# }\n\n# # Search for movies, actors, and reviews\n# query SearchMovie($titleInput: String, $genre: String) @auth(level: PUBLIC) {\n#   movies(\n#     where: {\n#       _and: [{ genre: { eq: $genre } }, { title: { contains: $titleInput } }]\n#     }\n#   ) {\n#     id\n#     title\n#     genre\n#     imageUrl\n#   }\n# }\n"
                }
              ]
            }
          }
        }
      ],
      "deploymentMetadata": {
        "primaryDataSource": {
          "postgres": {
            "requiredExtensions": null
          }
        }
      }
    }
  ]
}
[info] i  hosting[hustlecastlecouncil]: beginning deploy... 
[info] i  hosting[hustlecastlecouncil]: found 8 files in public 
[debug] [2025-07-07T13:01:02.802Z] [hosting] uploading with 200 concurrency
[debug] [2025-07-07T13:01:02.824Z] Checked if tokens are valid: true, expires at: 1751896855377
[debug] [2025-07-07T13:01:02.824Z] Checked if tokens are valid: true, expires at: 1751896855377
[debug] [2025-07-07T13:01:02.826Z] [hosting] hash cache [cHVibGlj] stored for 8 files
[debug] [2025-07-07T13:01:02.826Z] [hosting][hash queue][FINAL] {"max":16,"min":1,"avg":7.875,"active":0,"complete":8,"success":8,"errored":0,"retried":0,"total":8,"elapsed":21}
[debug] [2025-07-07T13:01:02.826Z] >>> [apiv2][query] POST https://firebasehosting.googleapis.com/v1beta1/projects/778970862600/sites/hustlecastlecouncil/versions/6857f14f29b682d3:populateFiles [none]
[debug] [2025-07-07T13:01:02.826Z] >>> [apiv2][body] POST https://firebasehosting.googleapis.com/v1beta1/projects/778970862600/sites/hustlecastlecouncil/versions/6857f14f29b682d3:populateFiles {"files":{"/old/style.css":"3eaa482e8da5a8b432fee4e00e32b3e3da9c97688323e91fe643d0f4e45136f9","/pglite-debug.log":"46b50c321b39e89a491b6727a01628c34245605a30beb3e7414c5e01cff90e6e","/style.css":"61ff38e5c99375b61150df1f8d790a3e6ce2d77ae289ee6f5d2901b0b0cbeef2","/index.html":"67d49f33d6547e06a793af3e9f91761b576d9ec7fec98216cf779f40fdc70fbb","/dashboard.js":"24c155e2fc472324a69fc10dd58b547df2443b44f95358c5455036f1d117b9dd","/dashboard.css":"9e0946f9560a192e62a2fb5e93fe225e58d454b0330486c47631f5b05a9dbe36","/script.js":"977fcda9cc50c77b4f6061c175bb4e76ba4433c7b494ac42068b6781dadf0a4a","/old/index.html":"e671353b5235ba59c0b974bf4e10a2d13f628472005b4f6107e823634f3694c2"}}
[debug] [2025-07-07T13:01:03.105Z] <<< [apiv2][status] POST https://firebasehosting.googleapis.com/v1beta1/projects/778970862600/sites/hustlecastlecouncil/versions/6857f14f29b682d3:populateFiles 200
[debug] [2025-07-07T13:01:03.105Z] <<< [apiv2][body] POST https://firebasehosting.googleapis.com/v1beta1/projects/778970862600/sites/hustlecastlecouncil/versions/6857f14f29b682d3:populateFiles {"uploadRequiredHashes":["977fcda9cc50c77b4f6061c175bb4e76ba4433c7b494ac42068b6781dadf0a4a","61ff38e5c99375b61150df1f8d790a3e6ce2d77ae289ee6f5d2901b0b0cbeef2","67d49f33d6547e06a793af3e9f91761b576d9ec7fec98216cf779f40fdc70fbb","24c155e2fc472324a69fc10dd58b547df2443b44f95358c5455036f1d117b9dd","9e0946f9560a192e62a2fb5e93fe225e58d454b0330486c47631f5b05a9dbe36"],"uploadUrl":"https://upload-firebasehosting.googleapis.com/upload/sites/hustlecastlecouncil/versions/6857f14f29b682d3/files"}
[debug] [2025-07-07T13:01:03.106Z] Checked if tokens are valid: true, expires at: 1751896855377
[debug] [2025-07-07T13:01:03.106Z] Checked if tokens are valid: true, expires at: 1751896855377
[debug] [2025-07-07T13:01:03.106Z] Checked if tokens are valid: true, expires at: 1751896855377
[debug] [2025-07-07T13:01:03.106Z] Checked if tokens are valid: true, expires at: 1751896855377
[debug] [2025-07-07T13:01:03.106Z] Checked if tokens are valid: true, expires at: 1751896855377
[debug] [2025-07-07T13:01:03.106Z] Checked if tokens are valid: true, expires at: 1751896855377
[debug] [2025-07-07T13:01:03.106Z] Checked if tokens are valid: true, expires at: 1751896855377
[debug] [2025-07-07T13:01:03.106Z] Checked if tokens are valid: true, expires at: 1751896855377
[debug] [2025-07-07T13:01:03.106Z] Checked if tokens are valid: true, expires at: 1751896855377
[debug] [2025-07-07T13:01:03.106Z] Checked if tokens are valid: true, expires at: 1751896855377
[debug] [2025-07-07T13:01:03.107Z] >>> [apiv2][query] POST https://upload-firebasehosting.googleapis.com/upload/sites/hustlecastlecouncil/versions/6857f14f29b682d3/files/977fcda9cc50c77b4f6061c175bb4e76ba4433c7b494ac42068b6781dadf0a4a [none]
[debug] [2025-07-07T13:01:03.107Z] >>> [apiv2][body] POST https://upload-firebasehosting.googleapis.com/upload/sites/hustlecastlecouncil/versions/6857f14f29b682d3/files/977fcda9cc50c77b4f6061c175bb4e76ba4433c7b494ac42068b6781dadf0a4a [stream]
[debug] [2025-07-07T13:01:03.108Z] >>> [apiv2][query] POST https://upload-firebasehosting.googleapis.com/upload/sites/hustlecastlecouncil/versions/6857f14f29b682d3/files/61ff38e5c99375b61150df1f8d790a3e6ce2d77ae289ee6f5d2901b0b0cbeef2 [none]
[debug] [2025-07-07T13:01:03.108Z] >>> [apiv2][body] POST https://upload-firebasehosting.googleapis.com/upload/sites/hustlecastlecouncil/versions/6857f14f29b682d3/files/61ff38e5c99375b61150df1f8d790a3e6ce2d77ae289ee6f5d2901b0b0cbeef2 [stream]
[debug] [2025-07-07T13:01:03.109Z] >>> [apiv2][query] POST https://upload-firebasehosting.googleapis.com/upload/sites/hustlecastlecouncil/versions/6857f14f29b682d3/files/67d49f33d6547e06a793af3e9f91761b576d9ec7fec98216cf779f40fdc70fbb [none]
[debug] [2025-07-07T13:01:03.109Z] >>> [apiv2][body] POST https://upload-firebasehosting.googleapis.com/upload/sites/hustlecastlecouncil/versions/6857f14f29b682d3/files/67d49f33d6547e06a793af3e9f91761b576d9ec7fec98216cf779f40fdc70fbb [stream]
[debug] [2025-07-07T13:01:03.110Z] >>> [apiv2][query] POST https://upload-firebasehosting.googleapis.com/upload/sites/hustlecastlecouncil/versions/6857f14f29b682d3/files/24c155e2fc472324a69fc10dd58b547df2443b44f95358c5455036f1d117b9dd [none]
[debug] [2025-07-07T13:01:03.110Z] >>> [apiv2][body] POST https://upload-firebasehosting.googleapis.com/upload/sites/hustlecastlecouncil/versions/6857f14f29b682d3/files/24c155e2fc472324a69fc10dd58b547df2443b44f95358c5455036f1d117b9dd [stream]
[debug] [2025-07-07T13:01:03.111Z] >>> [apiv2][query] POST https://upload-firebasehosting.googleapis.com/upload/sites/hustlecastlecouncil/versions/6857f14f29b682d3/files/9e0946f9560a192e62a2fb5e93fe225e58d454b0330486c47631f5b05a9dbe36 [none]
[debug] [2025-07-07T13:01:03.111Z] >>> [apiv2][body] POST https://upload-firebasehosting.googleapis.com/upload/sites/hustlecastlecouncil/versions/6857f14f29b682d3/files/9e0946f9560a192e62a2fb5e93fe225e58d454b0330486c47631f5b05a9dbe36 [stream]
[debug] [2025-07-07T13:01:03.111Z] [hosting][populate queue][FINAL] {"max":282,"min":282,"avg":282,"active":0,"complete":1,"success":1,"errored":0,"retried":0,"total":1,"elapsed":287}
[debug] [2025-07-07T13:01:03.111Z] [hosting] uploads queued: 5
[debug] [2025-07-07T13:01:04.558Z] <<< [apiv2][status] POST https://upload-firebasehosting.googleapis.com/upload/sites/hustlecastlecouncil/versions/6857f14f29b682d3/files/24c155e2fc472324a69fc10dd58b547df2443b44f95358c5455036f1d117b9dd 200
[debug] [2025-07-07T13:01:04.558Z] <<< [apiv2][body] POST https://upload-firebasehosting.googleapis.com/upload/sites/hustlecastlecouncil/versions/6857f14f29b682d3/files/24c155e2fc472324a69fc10dd58b547df2443b44f95358c5455036f1d117b9dd [stream]
[debug] [2025-07-07T13:01:04.654Z] <<< [apiv2][status] POST https://upload-firebasehosting.googleapis.com/upload/sites/hustlecastlecouncil/versions/6857f14f29b682d3/files/61ff38e5c99375b61150df1f8d790a3e6ce2d77ae289ee6f5d2901b0b0cbeef2 200
[debug] [2025-07-07T13:01:04.655Z] <<< [apiv2][body] POST https://upload-firebasehosting.googleapis.com/upload/sites/hustlecastlecouncil/versions/6857f14f29b682d3/files/61ff38e5c99375b61150df1f8d790a3e6ce2d77ae289ee6f5d2901b0b0cbeef2 [stream]
[debug] [2025-07-07T13:01:04.659Z] <<< [apiv2][status] POST https://upload-firebasehosting.googleapis.com/upload/sites/hustlecastlecouncil/versions/6857f14f29b682d3/files/67d49f33d6547e06a793af3e9f91761b576d9ec7fec98216cf779f40fdc70fbb 200
[debug] [2025-07-07T13:01:04.660Z] <<< [apiv2][body] POST https://upload-firebasehosting.googleapis.com/upload/sites/hustlecastlecouncil/versions/6857f14f29b682d3/files/67d49f33d6547e06a793af3e9f91761b576d9ec7fec98216cf779f40fdc70fbb [stream]
[debug] [2025-07-07T13:01:04.692Z] <<< [apiv2][status] POST https://upload-firebasehosting.googleapis.com/upload/sites/hustlecastlecouncil/versions/6857f14f29b682d3/files/977fcda9cc50c77b4f6061c175bb4e76ba4433c7b494ac42068b6781dadf0a4a 200
[debug] [2025-07-07T13:01:04.692Z] <<< [apiv2][body] POST https://upload-firebasehosting.googleapis.com/upload/sites/hustlecastlecouncil/versions/6857f14f29b682d3/files/977fcda9cc50c77b4f6061c175bb4e76ba4433c7b494ac42068b6781dadf0a4a [stream]
[debug] [2025-07-07T13:01:04.839Z] <<< [apiv2][status] POST https://upload-firebasehosting.googleapis.com/upload/sites/hustlecastlecouncil/versions/6857f14f29b682d3/files/9e0946f9560a192e62a2fb5e93fe225e58d454b0330486c47631f5b05a9dbe36 200
[debug] [2025-07-07T13:01:04.840Z] <<< [apiv2][body] POST https://upload-firebasehosting.googleapis.com/upload/sites/hustlecastlecouncil/versions/6857f14f29b682d3/files/9e0946f9560a192e62a2fb5e93fe225e58d454b0330486c47631f5b05a9dbe36 [stream]
[debug] [2025-07-07T13:01:04.840Z] [hosting][upload queue][FINAL] {"max":1734,"min":1453,"avg":1575.2,"active":0,"complete":5,"success":5,"errored":0,"retried":0,"total":5,"elapsed":1735}
[info] +  hosting[hustlecastlecouncil]: file upload complete 
[debug] [2025-07-07T13:01:04.841Z] [hosting] deploy completed after 2049ms
[debug] [2025-07-07T13:01:04.842Z] Checked if tokens are valid: true, expires at: 1751896855377
[debug] [2025-07-07T13:01:04.842Z] Checked if tokens are valid: true, expires at: 1751896855377
[debug] [2025-07-07T13:01:04.842Z] >>> [apiv2][query] GET https://firebasedataconnect.googleapis.com/v1/projects/hustlecastlecouncil/locations/-/services [none]
[debug] [2025-07-07T13:01:06.085Z] <<< [apiv2][status] GET https://firebasedataconnect.googleapis.com/v1/projects/hustlecastlecouncil/locations/-/services 200
[debug] [2025-07-07T13:01:06.085Z] <<< [apiv2][body] GET https://firebasedataconnect.googleapis.com/v1/projects/hustlecastlecouncil/locations/-/services {"services":[{"name":"projects/hustlecastlecouncil/locations/us-central1/services/hustle","createTime":"2025-07-04T15:03:57.336820282Z","updateTime":"2025-07-04T15:03:58.607884227Z","uid":"37013dde-756f-4f60-addc-995d5d109499","reconciling":false,"etag":"-ZLpqYW6jI7-NnhT641W3xUZtxYxQrZzi0VpZCflFDQ"}]}
[info] i  dataconnect: Checking for CloudSQL resources... 
[debug] [2025-07-07T13:01:06.086Z] Checked if tokens are valid: true, expires at: 1751896855377
[debug] [2025-07-07T13:01:06.086Z] Checked if tokens are valid: true, expires at: 1751896855377
[debug] [2025-07-07T13:01:06.086Z] >>> [apiv2][query] GET https://sqladmin.googleapis.com/v1/projects/hustlecastlecouncil/instances/hustle-fdc [none]
[debug] [2025-07-07T13:01:13.882Z] <<< [apiv2][status] GET https://sqladmin.googleapis.com/v1/projects/hustlecastlecouncil/instances/hustle-fdc 200
[debug] [2025-07-07T13:01:13.882Z] <<< [apiv2][body] GET https://sqladmin.googleapis.com/v1/projects/hustlecastlecouncil/instances/hustle-fdc {"kind":"sql#instance","state":"RUNNABLE","databaseVersion":"POSTGRES_15","settings":{"authorizedGaeApplications":[],"tier":"db-f1-micro","kind":"sql#settings","userLabels":{"firebase-data-connect":"ft"},"availabilityType":"ZONAL","pricingPlan":"PER_USE","replicationType":"SYNCHRONOUS","activationPolicy":"ALWAYS","ipConfiguration":{"authorizedNetworks":[],"sslMode":"ALLOW_UNENCRYPTED_AND_ENCRYPTED","ipv4Enabled":true,"requireSsl":false,"serverCaMode":"GOOGLE_MANAGED_INTERNAL_CA"},"locationPreference":{"zone":"us-central1-f","kind":"sql#locationPreference"},"databaseFlags":[{"name":"cloudsql.iam_authentication","value":"on"}],"dataDiskType":"PD_SSD","backupConfiguration":{"startTime":"17:00","kind":"sql#backupConfiguration","backupRetentionSettings":{"retentionUnit":"COUNT","retainedBackups":7},"enabled":false,"transactionLogRetentionDays":7,"transactionalLogStorageState":"TRANSACTIONAL_LOG_STORAGE_STATE_UNSPECIFIED","backupTier":"STANDARD"},"insightsConfig":{"queryInsightsEnabled":true,"queryStringLength":1024,"queryPlansPerMinute":5},"edition":"ENTERPRISE","connectorEnforcement":"NOT_REQUIRED","settingsVersion":"6","storageAutoResizeLimit":"0","storageAutoResize":false,"dataDiskSizeGb":"10","deletionProtectionEnabled":false,"replicationLagMaxSeconds":31536000,"enableGoogleMlIntegration":false},"etag":"926bfa85206112bae0fbd9a0a1e320d2486c3614659d7db331fdefacb43c25d4","ipAddresses":[{"type":"PRIMARY","ipAddress":"35.225.232.153"},{"type":"OUTGOING","ipAddress":"34.44.176.180"}],"serverCaCert":{"kind":"sql#sslCert","certSerialNumber":"0","cert":"-----BEGIN CERTIFICATE-----\nMIIDfzCCAmegAwIBAgIBADANBgkqhkiG9w0BAQsFADB3MS0wKwYDVQQuEyRiNDgw\nOGFkOS00ZGRjLTQ2NGEtYmQ0Ny00MGUzM2I4ODYxMmMxIzAhBgNVBAMTGkdvb2ds\nZSBDbG91ZCBTUUwgU2VydmVyIENBMRQwEgYDVQQKEwtHb29nbGUsIEluYzELMAkG\nA1UEBhMCVVMwHhcNMjUwNzA0MTUwNDQwWhcNMzUwNzAyMTUwNTQwWjB3MS0wKwYD\nVQQuEyRiNDgwOGFkOS00ZGRjLTQ2NGEtYmQ0Ny00MGUzM2I4ODYxMmMxIzAhBgNV\nBAMTGkdvb2dsZSBDbG91ZCBTUUwgU2VydmVyIENBMRQwEgYDVQQKEwtHb29nbGUs\nIEluYzELMAkGA1UEBhMCVVMwggEiMA0GCSqGSIb3DQEBAQUAA4IBDwAwggEKAoIB\nAQDmuAmP7SSSultCXPw/ku3M7ppM0z8dD9qhvUKlsirvpgvvomBjzx6AIWAm/fov\n2+uuVgealcv98ONcFreeBSaV0wULXv/rVqi+T9w0v7gbgVVU+1h/DfmcA9Inpoh1\nHIJsr3IWDHOY+4SeYI1thTL6HmPJfPE+5bJWyy+YSVSUlFUaO8yv9Kek05m1Ipqj\ncCv62pyyhfXP4aVJ+s53IFDfs9Ul2Kkx/2HuTe9BUxcBi6Xj747biO17CYc9a565\nfObIphJLuQExiO2UkBSVaMauVN4skzBT44w6g5sf3NrB/c1i54YEK306F/WX85HY\nw5aHnNPhlMJIIkbpqfq3xFpJAgMBAAGjFjAUMBIGA1UdEwEB/wQIMAYBAf8CAQAw\nDQYJKoZIhvcNAQELBQADggEBAK5k7Mt5acZiOQERzUZNseNJ8DsH4raMuu2xQUjZ\nzaN7sZTa8oovmfRMVeCHiQXOjhhpsHXOcOwL57PX1mW+zrViMuEgzYfaBU8jBXW3\naoGKjf8t33fFCdQEnjbCttl3oFvtrt0yn8o4KcLo/u26mIgvtPd819EQkCW8Jq7o\njUFWObbPCGGyIVyw5tfVObFJYEytwa+R6p0KIvGsCFfVs1DbPsPH4PF/qLmp2Ycx\nhn0VLAUZxiw298QnESWckH9Eg4qC9NebJf9IEFz1vlXTZQaDwAs60PnBPR2ZHwkp\nkMc+zsXGt/8wW+gmSoqPOv6j9BEQaZx5xhbxLhtYU55zsxU=\n-----END CERTIFICATE-----","commonName":"C=US,O=Google\\, Inc,CN=Google Cloud SQL Server CA,dnQualifier=b4808ad9-4ddc-464a-bd47-40e33b88612c","sha1Fingerprint":"4b16aa13edb730dad72e47037d400566a7aff531","instance":"hustle-fdc","createTime":"2025-07-04T15:04:40.468Z","expirationTime":"2035-07-02T15:05:40.468Z"},"instanceType":"CLOUD_SQL_INSTANCE","project":"hustlecastlecouncil","serviceAccountEmailAddress":"p778970862600-veoxaz@gcp-sa-cloud-sql.iam.gserviceaccount.com","backendType":"SECOND_GEN","selfLink":"https://sqladmin.googleapis.com/v1/projects/hustlecastlecouncil/instances/hustle-fdc","connectionName":"hustlecastlecouncil:us-central1:hustle-fdc","name":"hustle-fdc","region":"us-central1","gceZone":"us-central1-f","databaseInstalledVersion":"POSTGRES_15_13","maintenanceVersion":"POSTGRES_15_13.R20250302.00_31","createTime":"2025-07-04T15:04:01.597Z","sqlNetworkArchitecture":"NEW_NETWORK_ARCHITECTURE","satisfiesPzi":false,"includeReplicasForMajorVersionUpgrade":false}
[info] i  dataconnect: Found existing instance hustle-fdc. 
[debug] [2025-07-07T13:01:13.884Z] Checked if tokens are valid: true, expires at: 1751896855377
[debug] [2025-07-07T13:01:13.884Z] Checked if tokens are valid: true, expires at: 1751896855377
[debug] [2025-07-07T13:01:13.884Z] >>> [apiv2][query] GET https://sqladmin.googleapis.com/v1/projects/hustlecastlecouncil/instances/hustle-fdc/databases/fdcdb [none]
[debug] [2025-07-07T13:01:17.739Z] <<< [apiv2][status] GET https://sqladmin.googleapis.com/v1/projects/hustlecastlecouncil/instances/hustle-fdc/databases/fdcdb 200
[debug] [2025-07-07T13:01:17.739Z] <<< [apiv2][body] GET https://sqladmin.googleapis.com/v1/projects/hustlecastlecouncil/instances/hustle-fdc/databases/fdcdb {"kind":"sql#database","charset":"UTF8","collation":"en_US.UTF8","etag":"74856b94a88503ab8d1239a1118ae43c64a2d01b7b8978d0899e2df1644bb2e4","name":"fdcdb","instance":"hustle-fdc","selfLink":"https://sqladmin.googleapis.com/v1/projects/hustlecastlecouncil/instances/hustle-fdc/databases/fdcdb","project":"hustlecastlecouncil"}
[info] i  dataconnect: Found existing database fdcdb. 
[debug] [2025-07-07T13:01:17.740Z] [
  {
    "config": {
      "public": "public",
      "ignore": [
        "firebase.json",
        "**/.*",
        "**/node_modules/**"
      ],
      "rewrites": [
        {
          "source": "**",
          "destination": "/index.html"
        }
      ],
      "site": "hustlecastlecouncil"
    },
    "version": "projects/778970862600/sites/hustlecastlecouncil/versions/6857f14f29b682d3"
  }
]
[info] i  hosting[hustlecastlecouncil]: finalizing version... 
[debug] [2025-07-07T13:01:17.741Z] Checked if tokens are valid: true, expires at: 1751896855377
[debug] [2025-07-07T13:01:17.742Z] Checked if tokens are valid: true, expires at: 1751896855377
[debug] [2025-07-07T13:01:17.742Z] >>> [apiv2][query] PATCH https://firebasehosting.googleapis.com/v1beta1/projects/-/sites/hustlecastlecouncil/versions/6857f14f29b682d3 updateMask=status%2Cconfig
[debug] [2025-07-07T13:01:17.742Z] >>> [apiv2][body] PATCH https://firebasehosting.googleapis.com/v1beta1/projects/-/sites/hustlecastlecouncil/versions/6857f14f29b682d3 {"status":"FINALIZED","config":{"rewrites":[{"glob":"**","path":"/index.html"}]}}
[debug] [2025-07-07T13:01:18.826Z] <<< [apiv2][status] PATCH https://firebasehosting.googleapis.com/v1beta1/projects/-/sites/hustlecastlecouncil/versions/6857f14f29b682d3 200
[debug] [2025-07-07T13:01:18.827Z] <<< [apiv2][body] PATCH https://firebasehosting.googleapis.com/v1beta1/projects/-/sites/hustlecastlecouncil/versions/6857f14f29b682d3 {"name":"projects/778970862600/sites/hustlecastlecouncil/versions/6857f14f29b682d3","status":"FINALIZED","config":{"rewrites":[{"glob":"**","path":"/index.html"}]},"labels":{"deployment-tool":"cli-firebase"},"createTime":"2025-07-07T13:00:58.823499Z","createUser":{"email":"vinjazz.VC@gmail.com"},"finalizeTime":"2025-07-07T13:01:18.676750Z","finalizeUser":{"email":"vinjazz.VC@gmail.com"}}
[debug] [2025-07-07T13:01:18.827Z] [hosting] finalized version for hustlecastlecouncil:[object Object]
[info] +  hosting[hustlecastlecouncil]: version finalized 
[info] i  hosting[hustlecastlecouncil]: releasing new version... 
[debug] [2025-07-07T13:01:18.829Z] Checked if tokens are valid: true, expires at: 1751896855377
[debug] [2025-07-07T13:01:18.829Z] Checked if tokens are valid: true, expires at: 1751896855377
[debug] [2025-07-07T13:01:18.829Z] >>> [apiv2][query] POST https://firebasehosting.googleapis.com/v1beta1/projects/-/sites/hustlecastlecouncil/channels/live/releases versionName=projects%2F778970862600%2Fsites%2Fhustlecastlecouncil%2Fversions%2F6857f14f29b682d3
[debug] [2025-07-07T13:01:18.829Z] >>> [apiv2][body] POST https://firebasehosting.googleapis.com/v1beta1/projects/-/sites/hustlecastlecouncil/channels/live/releases {}
[debug] [2025-07-07T13:01:19.140Z] <<< [apiv2][status] POST https://firebasehosting.googleapis.com/v1beta1/projects/-/sites/hustlecastlecouncil/channels/live/releases 200
[debug] [2025-07-07T13:01:19.140Z] <<< [apiv2][body] POST https://firebasehosting.googleapis.com/v1beta1/projects/-/sites/hustlecastlecouncil/channels/live/releases {"name":"projects/778970862600/sites/hustlecastlecouncil/channels/live/releases/1751893278467000","version":{"name":"projects/778970862600/sites/hustlecastlecouncil/versions/6857f14f29b682d3","status":"FINALIZED","config":{"rewrites":[{"glob":"**","path":"/index.html"}]},"labels":{"deployment-tool":"cli-firebase"},"createTime":"2025-07-07T13:00:58.823499Z","createUser":{"email":"vinjazz.VC@gmail.com","imageUrl":"https://lh3.googleusercontent.com/a/ACg8ocLhRfytwbIpi9TyYdOlVR5KterHUMJpon3swnpc9yPs05oYNuv6"},"finalizeTime":"2025-07-07T13:01:18.676750Z","finalizeUser":{"email":"vinjazz.VC@gmail.com","imageUrl":"https://lh3.googleusercontent.com/a/ACg8ocLhRfytwbIpi9TyYdOlVR5KterHUMJpon3swnpc9yPs05oYNuv6"}},"type":"DEPLOY","releaseTime":"2025-07-07T13:01:18.467Z","releaseUser":{"email":"vinjazz.VC@gmail.com","imageUrl":"https://lh3.googleusercontent.com/a/ACg8ocLhRfytwbIpi9TyYdOlVR5KterHUMJpon3swnpc9yPs05oYNuv6"}}
[debug] [2025-07-07T13:01:19.140Z] [hosting] release: {"name":"projects/778970862600/sites/hustlecastlecouncil/channels/live/releases/1751893278467000","version":{"name":"projects/778970862600/sites/hustlecastlecouncil/versions/6857f14f29b682d3","status":"FINALIZED","config":{"rewrites":[{"glob":"**","path":"/index.html"}]},"labels":{"deployment-tool":"cli-firebase"},"createTime":"2025-07-07T13:00:58.823499Z","createUser":{"email":"vinjazz.VC@gmail.com","imageUrl":"https://lh3.googleusercontent.com/a/ACg8ocLhRfytwbIpi9TyYdOlVR5KterHUMJpon3swnpc9yPs05oYNuv6"},"finalizeTime":"2025-07-07T13:01:18.676750Z","finalizeUser":{"email":"vinjazz.VC@gmail.com","imageUrl":"https://lh3.googleusercontent.com/a/ACg8ocLhRfytwbIpi9TyYdOlVR5KterHUMJpon3swnpc9yPs05oYNuv6"}},"type":"DEPLOY","releaseTime":"2025-07-07T13:01:18.467Z","releaseUser":{"email":"vinjazz.VC@gmail.com","imageUrl":"https://lh3.googleusercontent.com/a/ACg8ocLhRfytwbIpi9TyYdOlVR5KterHUMJpon3swnpc9yPs05oYNuv6"}}
[info] +  hosting[hustlecastlecouncil]: release complete 
[info] i  dataconnect: Deploying Data Connect schemas... 
[info] i  dataconnect: generating required schema changes... 
[debug] [2025-07-07T13:01:19.143Z] Checked if tokens are valid: true, expires at: 1751896855377
[debug] [2025-07-07T13:01:19.143Z] Checked if tokens are valid: true, expires at: 1751896855377
[debug] [2025-07-07T13:01:19.144Z] >>> [apiv2][query] GET https://firebasedataconnect.googleapis.com/v1/projects/hustlecastlecouncil/locations/us-central1/services/hustle/schemas/main [none]
[debug] [2025-07-07T13:01:20.075Z] <<< [apiv2][status] GET https://firebasedataconnect.googleapis.com/v1/projects/hustlecastlecouncil/locations/us-central1/services/hustle/schemas/main 200
[debug] [2025-07-07T13:01:20.075Z] <<< [apiv2][body] GET https://firebasedataconnect.googleapis.com/v1/projects/hustlecastlecouncil/locations/us-central1/services/hustle/schemas/main {"name":"projects/hustlecastlecouncil/locations/us-central1/services/hustle/schemas/main","createTime":"2025-07-04T15:19:18.463914571Z","updateTime":"2025-07-05T14:06:26.000340124Z","source":{"files":[{"path":"schema.gql","content":"# # Example schema for simple movie review app\n\n# # User table is keyed by Firebase Auth UID.\n# type User @table {\n#   # `@default(expr: \"auth.uid\")` sets it to Firebase Auth UID during insert and upsert.\n#   id: String! @default(expr: \"auth.uid\")\n#   username: String! @col(dataType: \"varchar(50)\")\n#   # The `user: User!` field in the Review table generates the following one-to-many query field.\n#   #  reviews_on_user: [Review!]!\n#   # The `Review` join table the following many-to-many query field.\n#   #  movies_via_Review: [Movie!]!\n# }\n\n# # Movie is keyed by a randomly generated UUID.\n# type Movie @table {\n#   # If you do not pass a 'key' to `@table`, Data Connect automatically adds the following 'id' column.\n#   # Feel free to uncomment and customize it.\n#   #  id: UUID! @default(expr: \"uuidV4()\")\n#   title: String!\n#   imageUrl: String!\n#   genre: String\n# }\n\n# # MovieMetadata is a metadata attached to a Movie.\n# # Movie <-> MovieMetadata is a one-to-one relationship\n# type MovieMetadata @table {\n#   # @unique ensures each Movie can only one MovieMetadata.\n#   movie: Movie! @unique\n#   # The movie field adds the following foreign key field. Feel free to uncomment and customize it.\n#   #  movieId: UUID!\n#   rating: Float\n#   releaseYear: Int\n#   description: String\n# }\n\n# # Reviews is a join table between User and Movie.\n# # It has a composite primary keys `userUid` and `movieId`.\n# # A user can leave reviews for many movies. A movie can have reviews from many users.\n# # User  <-> Review is a one-to-many relationship\n# # Movie <-> Review is a one-to-many relationship\n# # Movie <-> User is a many-to-many relationship\n# type Review @table(name: \"Reviews\", key: [\"movie\", \"user\"]) {\n#   user: User!\n#   # The user field adds the following foreign key field. Feel free to uncomment and customize it.\n#   #  userUid: String!\n#   movie: Movie!\n#   # The movie field adds the following foreign key field. Feel free to uncomment and customize it.\n#   #  movieId: UUID!\n#   rating: Int\n#   reviewText: String\n#   reviewDate: Date! @default(expr: \"request.time\")\n# }\n"}]},"uid":"05b1c002-29e9-4d8d-9270-9bdb8d6febcf","reconciling":false,"datasources":[{"postgresql":{"database":"fdcdb","cloudSql":{"instance":"projects/hustlecastlecouncil/locations/us-central1/instances/hustle-fdc"},"schemaValidation":"STRICT"}}],"etag":"xwX0cYUR7cPk3ss5F7SVNJ7mJ64_e6uxqxrlRS87RY4"}
[debug] [2025-07-07T13:01:20.075Z] > command requires scopes: ["email","openid","https://www.googleapis.com/auth/cloudplatformprojects.readonly","https://www.googleapis.com/auth/firebase","https://www.googleapis.com/auth/cloud-platform"]
[debug] [2025-07-07T13:01:20.076Z] > authorizing via signed-in user (vinjazz.vc@gmail.com)
[debug] [2025-07-07T13:01:20.076Z] Checked if tokens are valid: true, expires at: 1751896855377
[debug] [2025-07-07T13:01:20.076Z] Checked if tokens are valid: true, expires at: 1751896855377
[debug] [2025-07-07T13:01:20.076Z] >>> [apiv2][query] POST https://sqladmin.googleapis.com/v1/projects/hustlecastlecouncil/instances/hustle-fdc/users [none]
[debug] [2025-07-07T13:01:20.076Z] >>> [apiv2][body] POST https://sqladmin.googleapis.com/v1/projects/hustlecastlecouncil/instances/hustle-fdc/users {"name":"vinjazz.vc@gmail.com","instance":"hustle-fdc","project":"hustlecastlecouncil","sqlserverUserDetails":{"disabled":false,"serverRoles":["cloudsqlsuperuser"]},"type":"CLOUD_IAM_USER"}
[debug] [2025-07-07T13:01:24.146Z] <<< [apiv2][status] POST https://sqladmin.googleapis.com/v1/projects/hustlecastlecouncil/instances/hustle-fdc/users 200
[debug] [2025-07-07T13:01:24.146Z] <<< [apiv2][body] POST https://sqladmin.googleapis.com/v1/projects/hustlecastlecouncil/instances/hustle-fdc/users {"kind":"sql#operation","targetLink":"https://sqladmin.googleapis.com/v1/projects/hustlecastlecouncil/instances/hustle-fdc","status":"DONE","user":"vinjazz.VC@gmail.com","insertTime":"2025-07-07T13:01:21.954Z","startTime":"2025-07-07T13:01:21.971Z","endTime":"2025-07-07T13:01:22.168Z","operationType":"CREATE_USER","name":"d5e26c83-41fa-4c75-aed4-695f00000032","targetId":"hustle-fdc","selfLink":"https://sqladmin.googleapis.com/v1/projects/hustlecastlecouncil/operations/d5e26c83-41fa-4c75-aed4-695f00000032","targetProject":"hustlecastlecouncil"}
[debug] [2025-07-07T13:01:24.147Z] Checked if tokens are valid: true, expires at: 1751896855377
[debug] [2025-07-07T13:01:24.147Z] Checked if tokens are valid: true, expires at: 1751896855377
[debug] [2025-07-07T13:01:24.147Z] >>> [apiv2][query] GET https://sqladmin.googleapis.com/v1/projects/hustlecastlecouncil/operations/d5e26c83-41fa-4c75-aed4-695f00000032 [none]
[debug] [2025-07-07T13:01:25.829Z] <<< [apiv2][status] GET https://sqladmin.googleapis.com/v1/projects/hustlecastlecouncil/operations/d5e26c83-41fa-4c75-aed4-695f00000032 200
[debug] [2025-07-07T13:01:25.830Z] <<< [apiv2][body] GET https://sqladmin.googleapis.com/v1/projects/hustlecastlecouncil/operations/d5e26c83-41fa-4c75-aed4-695f00000032 {"kind":"sql#operation","targetLink":"https://sqladmin.googleapis.com/v1/projects/hustlecastlecouncil/instances/hustle-fdc","status":"DONE","user":"vinjazz.VC@gmail.com","insertTime":"2025-07-07T13:01:21.954Z","startTime":"2025-07-07T13:01:21.971Z","endTime":"2025-07-07T13:01:22.168Z","operationType":"CREATE_USER","name":"d5e26c83-41fa-4c75-aed4-695f00000032","targetId":"hustle-fdc","selfLink":"https://sqladmin.googleapis.com/v1/projects/hustlecastlecouncil/operations/d5e26c83-41fa-4c75-aed4-695f00000032","targetProject":"hustlecastlecouncil"}
[debug] [2025-07-07T13:01:25.831Z] Checked if tokens are valid: true, expires at: 1751896855377
[debug] [2025-07-07T13:01:25.831Z] Checked if tokens are valid: true, expires at: 1751896855377
[debug] [2025-07-07T13:01:25.831Z] >>> [apiv2][query] GET https://cloudresourcemanager.googleapis.com/v1/projects/hustlecastlecouncil [none]
[debug] [2025-07-07T13:01:26.736Z] <<< [apiv2][status] GET https://cloudresourcemanager.googleapis.com/v1/projects/hustlecastlecouncil 200
[debug] [2025-07-07T13:01:26.736Z] <<< [apiv2][body] GET https://cloudresourcemanager.googleapis.com/v1/projects/hustlecastlecouncil {"projectNumber":"778970862600","projectId":"hustlecastlecouncil","lifecycleState":"ACTIVE","name":"HustleCastleCouncil","labels":{"firebase":"enabled","firebase-core":"disabled"},"createTime":"2025-07-04T14:32:03.584722Z"}
[debug] [2025-07-07T13:01:26.736Z] Checked if tokens are valid: true, expires at: 1751896855377
[debug] [2025-07-07T13:01:26.736Z] Checked if tokens are valid: true, expires at: 1751896855377
[debug] [2025-07-07T13:01:26.737Z] >>> [apiv2][query] POST https://sqladmin.googleapis.com/v1/projects/hustlecastlecouncil/instances/hustle-fdc/users [none]
[debug] [2025-07-07T13:01:26.737Z] >>> [apiv2][body] POST https://sqladmin.googleapis.com/v1/projects/hustlecastlecouncil/instances/hustle-fdc/users {"name":"service-778970862600@gcp-sa-firebasedataconnect.iam","instance":"hustle-fdc","project":"hustlecastlecouncil","sqlserverUserDetails":{"disabled":false,"serverRoles":["cloudsqlsuperuser"]},"type":"CLOUD_IAM_SERVICE_ACCOUNT"}
[debug] [2025-07-07T13:01:31.773Z] <<< [apiv2][status] POST https://sqladmin.googleapis.com/v1/projects/hustlecastlecouncil/instances/hustle-fdc/users 200
[debug] [2025-07-07T13:01:31.773Z] <<< [apiv2][body] POST https://sqladmin.googleapis.com/v1/projects/hustlecastlecouncil/instances/hustle-fdc/users {"kind":"sql#operation","targetLink":"https://sqladmin.googleapis.com/v1/projects/hustlecastlecouncil/instances/hustle-fdc","status":"DONE","user":"vinjazz.VC@gmail.com","insertTime":"2025-07-07T13:01:29.023Z","startTime":"2025-07-07T13:01:29.037Z","endTime":"2025-07-07T13:01:29.200Z","operationType":"CREATE_USER","name":"71269d07-04b7-490a-8fbf-d70600000032","targetId":"hustle-fdc","selfLink":"https://sqladmin.googleapis.com/v1/projects/hustlecastlecouncil/operations/71269d07-04b7-490a-8fbf-d70600000032","targetProject":"hustlecastlecouncil"}
[debug] [2025-07-07T13:01:31.773Z] Checked if tokens are valid: true, expires at: 1751896855377
[debug] [2025-07-07T13:01:31.773Z] Checked if tokens are valid: true, expires at: 1751896855377
[debug] [2025-07-07T13:01:31.774Z] >>> [apiv2][query] GET https://sqladmin.googleapis.com/v1/projects/hustlecastlecouncil/operations/71269d07-04b7-490a-8fbf-d70600000032 [none]
[debug] [2025-07-07T13:01:36.502Z] <<< [apiv2][status] GET https://sqladmin.googleapis.com/v1/projects/hustlecastlecouncil/operations/71269d07-04b7-490a-8fbf-d70600000032 200
[debug] [2025-07-07T13:01:36.503Z] <<< [apiv2][body] GET https://sqladmin.googleapis.com/v1/projects/hustlecastlecouncil/operations/71269d07-04b7-490a-8fbf-d70600000032 {"kind":"sql#operation","targetLink":"https://sqladmin.googleapis.com/v1/projects/hustlecastlecouncil/instances/hustle-fdc","status":"DONE","user":"vinjazz.VC@gmail.com","insertTime":"2025-07-07T13:01:29.023Z","startTime":"2025-07-07T13:01:29.037Z","endTime":"2025-07-07T13:01:29.200Z","operationType":"CREATE_USER","name":"71269d07-04b7-490a-8fbf-d70600000032","targetId":"hustle-fdc","selfLink":"https://sqladmin.googleapis.com/v1/projects/hustlecastlecouncil/operations/71269d07-04b7-490a-8fbf-d70600000032","targetProject":"hustlecastlecouncil"}
[debug] [2025-07-07T13:01:36.503Z] > command requires scopes: ["email","openid","https://www.googleapis.com/auth/cloudplatformprojects.readonly","https://www.googleapis.com/auth/firebase","https://www.googleapis.com/auth/cloud-platform"]
[debug] [2025-07-07T13:01:36.503Z] > authorizing via signed-in user (vinjazz.vc@gmail.com)
[debug] [2025-07-07T13:01:36.504Z] Checked if tokens are valid: true, expires at: 1751896855377
[debug] [2025-07-07T13:01:36.504Z] Checked if tokens are valid: true, expires at: 1751896855377
[debug] [2025-07-07T13:01:36.504Z] >>> [apiv2][query] POST https://sqladmin.googleapis.com/v1/projects/hustlecastlecouncil/instances/hustle-fdc/users [none]
[debug] [2025-07-07T13:01:36.504Z] >>> [apiv2][body] POST https://sqladmin.googleapis.com/v1/projects/hustlecastlecouncil/instances/hustle-fdc/users {"name":"vinjazz.vc@gmail.com","instance":"hustle-fdc","project":"hustlecastlecouncil","sqlserverUserDetails":{"disabled":false,"serverRoles":["cloudsqlsuperuser"]},"type":"CLOUD_IAM_USER"}
[debug] [2025-07-07T13:01:39.595Z] <<< [apiv2][status] POST https://sqladmin.googleapis.com/v1/projects/hustlecastlecouncil/instances/hustle-fdc/users 200
[debug] [2025-07-07T13:01:39.596Z] <<< [apiv2][body] POST https://sqladmin.googleapis.com/v1/projects/hustlecastlecouncil/instances/hustle-fdc/users {"kind":"sql#operation","targetLink":"https://sqladmin.googleapis.com/v1/projects/hustlecastlecouncil/instances/hustle-fdc","status":"DONE","user":"vinjazz.VC@gmail.com","insertTime":"2025-07-07T13:01:38.111Z","startTime":"2025-07-07T13:01:38.130Z","endTime":"2025-07-07T13:01:38.302Z","operationType":"CREATE_USER","name":"d43e0df5-9ccf-4ad1-8d91-6b7100000032","targetId":"hustle-fdc","selfLink":"https://sqladmin.googleapis.com/v1/projects/hustlecastlecouncil/operations/d43e0df5-9ccf-4ad1-8d91-6b7100000032","targetProject":"hustlecastlecouncil"}
[debug] [2025-07-07T13:01:39.596Z] Checked if tokens are valid: true, expires at: 1751896855377
[debug] [2025-07-07T13:01:39.597Z] Checked if tokens are valid: true, expires at: 1751896855377
[debug] [2025-07-07T13:01:39.597Z] >>> [apiv2][query] GET https://sqladmin.googleapis.com/v1/projects/hustlecastlecouncil/operations/d43e0df5-9ccf-4ad1-8d91-6b7100000032 [none]
[debug] [2025-07-07T13:01:41.312Z] <<< [apiv2][status] GET https://sqladmin.googleapis.com/v1/projects/hustlecastlecouncil/operations/d43e0df5-9ccf-4ad1-8d91-6b7100000032 200
[debug] [2025-07-07T13:01:41.313Z] <<< [apiv2][body] GET https://sqladmin.googleapis.com/v1/projects/hustlecastlecouncil/operations/d43e0df5-9ccf-4ad1-8d91-6b7100000032 {"kind":"sql#operation","targetLink":"https://sqladmin.googleapis.com/v1/projects/hustlecastlecouncil/instances/hustle-fdc","status":"DONE","user":"vinjazz.VC@gmail.com","insertTime":"2025-07-07T13:01:38.111Z","startTime":"2025-07-07T13:01:38.130Z","endTime":"2025-07-07T13:01:38.302Z","operationType":"CREATE_USER","name":"d43e0df5-9ccf-4ad1-8d91-6b7100000032","targetId":"hustle-fdc","selfLink":"https://sqladmin.googleapis.com/v1/projects/hustlecastlecouncil/operations/d43e0df5-9ccf-4ad1-8d91-6b7100000032","targetProject":"hustlecastlecouncil"}
[debug] [2025-07-07T13:01:41.314Z] Checked if tokens are valid: true, expires at: 1751896855377
[debug] [2025-07-07T13:01:41.314Z] Checked if tokens are valid: true, expires at: 1751896855377
[debug] [2025-07-07T13:01:41.314Z] >>> [apiv2][query] POST https://sqladmin.googleapis.com/v1/projects/hustlecastlecouncil/instances/hustle-fdc/users [none]
[debug] [2025-07-07T13:01:41.314Z] >>> [apiv2][body] POST https://sqladmin.googleapis.com/v1/projects/hustlecastlecouncil/instances/hustle-fdc/users {"name":"service-778970862600@gcp-sa-firebasedataconnect.iam","instance":"hustle-fdc","project":"hustlecastlecouncil","sqlserverUserDetails":{"disabled":false,"serverRoles":["cloudsqlsuperuser"]},"type":"CLOUD_IAM_SERVICE_ACCOUNT"}
[debug] [2025-07-07T13:01:45.939Z] <<< [apiv2][status] POST https://sqladmin.googleapis.com/v1/projects/hustlecastlecouncil/instances/hustle-fdc/users 200
[debug] [2025-07-07T13:01:45.939Z] <<< [apiv2][body] POST https://sqladmin.googleapis.com/v1/projects/hustlecastlecouncil/instances/hustle-fdc/users {"kind":"sql#operation","targetLink":"https://sqladmin.googleapis.com/v1/projects/hustlecastlecouncil/instances/hustle-fdc","status":"DONE","user":"vinjazz.VC@gmail.com","insertTime":"2025-07-07T13:01:43.471Z","startTime":"2025-07-07T13:01:43.483Z","endTime":"2025-07-07T13:01:43.629Z","operationType":"CREATE_USER","name":"f8958f0b-7023-4984-b11e-fb6000000032","targetId":"hustle-fdc","selfLink":"https://sqladmin.googleapis.com/v1/projects/hustlecastlecouncil/operations/f8958f0b-7023-4984-b11e-fb6000000032","targetProject":"hustlecastlecouncil"}
[debug] [2025-07-07T13:01:45.939Z] Checked if tokens are valid: true, expires at: 1751896855377
[debug] [2025-07-07T13:01:45.939Z] Checked if tokens are valid: true, expires at: 1751896855377
[debug] [2025-07-07T13:01:45.939Z] >>> [apiv2][query] GET https://sqladmin.googleapis.com/v1/projects/hustlecastlecouncil/operations/f8958f0b-7023-4984-b11e-fb6000000032 [none]
[debug] [2025-07-07T13:01:48.653Z] <<< [apiv2][status] GET https://sqladmin.googleapis.com/v1/projects/hustlecastlecouncil/operations/f8958f0b-7023-4984-b11e-fb6000000032 200
[debug] [2025-07-07T13:01:48.653Z] <<< [apiv2][body] GET https://sqladmin.googleapis.com/v1/projects/hustlecastlecouncil/operations/f8958f0b-7023-4984-b11e-fb6000000032 {"kind":"sql#operation","targetLink":"https://sqladmin.googleapis.com/v1/projects/hustlecastlecouncil/instances/hustle-fdc","status":"DONE","user":"vinjazz.VC@gmail.com","insertTime":"2025-07-07T13:01:43.471Z","startTime":"2025-07-07T13:01:43.483Z","endTime":"2025-07-07T13:01:43.629Z","operationType":"CREATE_USER","name":"f8958f0b-7023-4984-b11e-fb6000000032","targetId":"hustle-fdc","selfLink":"https://sqladmin.googleapis.com/v1/projects/hustlecastlecouncil/operations/f8958f0b-7023-4984-b11e-fb6000000032","targetProject":"hustlecastlecouncil"}
[debug] [2025-07-07T13:01:48.654Z] > command requires scopes: ["email","openid","https://www.googleapis.com/auth/cloudplatformprojects.readonly","https://www.googleapis.com/auth/firebase","https://www.googleapis.com/auth/cloud-platform"]
[debug] [2025-07-07T13:01:48.654Z] > authorizing via signed-in user (vinjazz.vc@gmail.com)
[debug] [2025-07-07T13:01:48.654Z] Checked if tokens are valid: true, expires at: 1751896855377
[debug] [2025-07-07T13:01:48.654Z] Checked if tokens are valid: true, expires at: 1751896855377
[debug] [2025-07-07T13:01:48.654Z] >>> [apiv2][query] GET https://sqladmin.googleapis.com/v1/projects/hustlecastlecouncil/instances/hustle-fdc [none]
[debug] [2025-07-07T13:01:49.792Z] <<< [apiv2][status] GET https://sqladmin.googleapis.com/v1/projects/hustlecastlecouncil/instances/hustle-fdc 200
[debug] [2025-07-07T13:01:49.793Z] <<< [apiv2][body] GET https://sqladmin.googleapis.com/v1/projects/hustlecastlecouncil/instances/hustle-fdc {"kind":"sql#instance","state":"RUNNABLE","databaseVersion":"POSTGRES_15","settings":{"authorizedGaeApplications":[],"tier":"db-f1-micro","kind":"sql#settings","userLabels":{"firebase-data-connect":"ft"},"availabilityType":"ZONAL","pricingPlan":"PER_USE","replicationType":"SYNCHRONOUS","activationPolicy":"ALWAYS","ipConfiguration":{"authorizedNetworks":[],"sslMode":"ALLOW_UNENCRYPTED_AND_ENCRYPTED","ipv4Enabled":true,"requireSsl":false,"serverCaMode":"GOOGLE_MANAGED_INTERNAL_CA"},"locationPreference":{"zone":"us-central1-f","kind":"sql#locationPreference"},"databaseFlags":[{"name":"cloudsql.iam_authentication","value":"on"}],"dataDiskType":"PD_SSD","backupConfiguration":{"startTime":"17:00","kind":"sql#backupConfiguration","backupRetentionSettings":{"retentionUnit":"COUNT","retainedBackups":7},"enabled":false,"transactionLogRetentionDays":7,"transactionalLogStorageState":"TRANSACTIONAL_LOG_STORAGE_STATE_UNSPECIFIED","backupTier":"STANDARD"},"insightsConfig":{"queryInsightsEnabled":true,"queryStringLength":1024,"queryPlansPerMinute":5},"edition":"ENTERPRISE","connectorEnforcement":"NOT_REQUIRED","settingsVersion":"6","storageAutoResizeLimit":"0","storageAutoResize":false,"dataDiskSizeGb":"10","deletionProtectionEnabled":false,"replicationLagMaxSeconds":31536000,"enableGoogleMlIntegration":false},"etag":"926bfa85206112bae0fbd9a0a1e320d2486c3614659d7db331fdefacb43c25d4","ipAddresses":[{"type":"PRIMARY","ipAddress":"35.225.232.153"},{"type":"OUTGOING","ipAddress":"34.44.176.180"}],"serverCaCert":{"kind":"sql#sslCert","certSerialNumber":"0","cert":"-----BEGIN CERTIFICATE-----\nMIIDfzCCAmegAwIBAgIBADANBgkqhkiG9w0BAQsFADB3MS0wKwYDVQQuEyRiNDgw\nOGFkOS00ZGRjLTQ2NGEtYmQ0Ny00MGUzM2I4ODYxMmMxIzAhBgNVBAMTGkdvb2ds\nZSBDbG91ZCBTUUwgU2VydmVyIENBMRQwEgYDVQQKEwtHb29nbGUsIEluYzELMAkG\nA1UEBhMCVVMwHhcNMjUwNzA0MTUwNDQwWhcNMzUwNzAyMTUwNTQwWjB3MS0wKwYD\nVQQuEyRiNDgwOGFkOS00ZGRjLTQ2NGEtYmQ0Ny00MGUzM2I4ODYxMmMxIzAhBgNV\nBAMTGkdvb2dsZSBDbG91ZCBTUUwgU2VydmVyIENBMRQwEgYDVQQKEwtHb29nbGUs\nIEluYzELMAkGA1UEBhMCVVMwggEiMA0GCSqGSIb3DQEBAQUAA4IBDwAwggEKAoIB\nAQDmuAmP7SSSultCXPw/ku3M7ppM0z8dD9qhvUKlsirvpgvvomBjzx6AIWAm/fov\n2+uuVgealcv98ONcFreeBSaV0wULXv/rVqi+T9w0v7gbgVVU+1h/DfmcA9Inpoh1\nHIJsr3IWDHOY+4SeYI1thTL6HmPJfPE+5bJWyy+YSVSUlFUaO8yv9Kek05m1Ipqj\ncCv62pyyhfXP4aVJ+s53IFDfs9Ul2Kkx/2HuTe9BUxcBi6Xj747biO17CYc9a565\nfObIphJLuQExiO2UkBSVaMauVN4skzBT44w6g5sf3NrB/c1i54YEK306F/WX85HY\nw5aHnNPhlMJIIkbpqfq3xFpJAgMBAAGjFjAUMBIGA1UdEwEB/wQIMAYBAf8CAQAw\nDQYJKoZIhvcNAQELBQADggEBAK5k7Mt5acZiOQERzUZNseNJ8DsH4raMuu2xQUjZ\nzaN7sZTa8oovmfRMVeCHiQXOjhhpsHXOcOwL57PX1mW+zrViMuEgzYfaBU8jBXW3\naoGKjf8t33fFCdQEnjbCttl3oFvtrt0yn8o4KcLo/u26mIgvtPd819EQkCW8Jq7o\njUFWObbPCGGyIVyw5tfVObFJYEytwa+R6p0KIvGsCFfVs1DbPsPH4PF/qLmp2Ycx\nhn0VLAUZxiw298QnESWckH9Eg4qC9NebJf9IEFz1vlXTZQaDwAs60PnBPR2ZHwkp\nkMc+zsXGt/8wW+gmSoqPOv6j9BEQaZx5xhbxLhtYU55zsxU=\n-----END CERTIFICATE-----","commonName":"C=US,O=Google\\, Inc,CN=Google Cloud SQL Server CA,dnQualifier=b4808ad9-4ddc-464a-bd47-40e33b88612c","sha1Fingerprint":"4b16aa13edb730dad72e47037d400566a7aff531","instance":"hustle-fdc","createTime":"2025-07-04T15:04:40.468Z","expirationTime":"2035-07-02T15:05:40.468Z"},"instanceType":"CLOUD_SQL_INSTANCE","project":"hustlecastlecouncil","serviceAccountEmailAddress":"p778970862600-veoxaz@gcp-sa-cloud-sql.iam.gserviceaccount.com","backendType":"SECOND_GEN","selfLink":"https://sqladmin.googleapis.com/v1/projects/hustlecastlecouncil/instances/hustle-fdc","connectionName":"hustlecastlecouncil:us-central1:hustle-fdc","name":"hustle-fdc","region":"us-central1","gceZone":"us-central1-f","databaseInstalledVersion":"POSTGRES_15_13","maintenanceVersion":"POSTGRES_15_13.R20250302.00_31","createTime":"2025-07-04T15:04:01.597Z","sqlNetworkArchitecture":"NEW_NETWORK_ARCHITECTURE","satisfiesPzi":false,"includeReplicasForMajorVersionUpgrade":false}
[debug] [2025-07-07T13:01:49.793Z] Checked if tokens are valid: true, expires at: 1751896855377
[debug] [2025-07-07T13:01:49.794Z] Checked if tokens are valid: true, expires at: 1751896855377
[debug] [2025-07-07T13:01:49.794Z] >>> [apiv2][query] GET https://sqladmin.googleapis.com/v1/projects/hustlecastlecouncil/instances/hustle-fdc/users/vinjazz.vc@gmail.com [none]
[debug] [2025-07-07T13:01:50.961Z] <<< [apiv2][status] GET https://sqladmin.googleapis.com/v1/projects/hustlecastlecouncil/instances/hustle-fdc/users/vinjazz.vc@gmail.com 200
[debug] [2025-07-07T13:01:50.962Z] <<< [apiv2][body] GET https://sqladmin.googleapis.com/v1/projects/hustlecastlecouncil/instances/hustle-fdc/users/vinjazz.vc@gmail.com {"kind":"sql#user","etag":"75b34b8aeb1992b6c0c48dc50f580de22e344c6c767bec5ddf19ff83813784b5","name":"vinjazz.vc@gmail.com","host":"","instance":"hustle-fdc","project":"hustlecastlecouncil","type":"CLOUD_IAM_USER"}
[debug] [2025-07-07T13:01:51.112Z] Checked if tokens are valid: true, expires at: 1751896855377
[debug] [2025-07-07T13:01:51.113Z] Checked if tokens are valid: true, expires at: 1751896855377
[debug] [2025-07-07T13:01:51.113Z] >>> [apiv2][query] GET https://sqladmin.googleapis.com/sql/v1beta4/projects/hustlecastlecouncil/instances/hustle-fdc/connectSettings 
[debug] [2025-07-07T13:01:52.337Z] <<< [apiv2][status] GET https://sqladmin.googleapis.com/sql/v1beta4/projects/hustlecastlecouncil/instances/hustle-fdc/connectSettings 200
[debug] [2025-07-07T13:01:52.337Z] <<< [apiv2][body] GET https://sqladmin.googleapis.com/sql/v1beta4/projects/hustlecastlecouncil/instances/hustle-fdc/connectSettings {"kind":"sql#connectSettings","serverCaCert":{"kind":"sql#sslCert","certSerialNumber":"0","cert":"-----BEGIN CERTIFICATE-----\nMIIDfzCCAmegAwIBAgIBADANBgkqhkiG9w0BAQsFADB3MS0wKwYDVQQuEyRiNDgw\nOGFkOS00ZGRjLTQ2NGEtYmQ0Ny00MGUzM2I4ODYxMmMxIzAhBgNVBAMTGkdvb2ds\nZSBDbG91ZCBTUUwgU2VydmVyIENBMRQwEgYDVQQKEwtHb29nbGUsIEluYzELMAkG\nA1UEBhMCVVMwHhcNMjUwNzA0MTUwNDQwWhcNMzUwNzAyMTUwNTQwWjB3MS0wKwYD\nVQQuEyRiNDgwOGFkOS00ZGRjLTQ2NGEtYmQ0Ny00MGUzM2I4ODYxMmMxIzAhBgNV\nBAMTGkdvb2dsZSBDbG91ZCBTUUwgU2VydmVyIENBMRQwEgYDVQQKEwtHb29nbGUs\nIEluYzELMAkGA1UEBhMCVVMwggEiMA0GCSqGSIb3DQEBAQUAA4IBDwAwggEKAoIB\nAQDmuAmP7SSSultCXPw/ku3M7ppM0z8dD9qhvUKlsirvpgvvomBjzx6AIWAm/fov\n2+uuVgealcv98ONcFreeBSaV0wULXv/rVqi+T9w0v7gbgVVU+1h/DfmcA9Inpoh1\nHIJsr3IWDHOY+4SeYI1thTL6HmPJfPE+5bJWyy+YSVSUlFUaO8yv9Kek05m1Ipqj\ncCv62pyyhfXP4aVJ+s53IFDfs9Ul2Kkx/2HuTe9BUxcBi6Xj747biO17CYc9a565\nfObIphJLuQExiO2UkBSVaMauVN4skzBT44w6g5sf3NrB/c1i54YEK306F/WX85HY\nw5aHnNPhlMJIIkbpqfq3xFpJAgMBAAGjFjAUMBIGA1UdEwEB/wQIMAYBAf8CAQAw\nDQYJKoZIhvcNAQELBQADggEBAK5k7Mt5acZiOQERzUZNseNJ8DsH4raMuu2xQUjZ\nzaN7sZTa8oovmfRMVeCHiQXOjhhpsHXOcOwL57PX1mW+zrViMuEgzYfaBU8jBXW3\naoGKjf8t33fFCdQEnjbCttl3oFvtrt0yn8o4KcLo/u26mIgvtPd819EQkCW8Jq7o\njUFWObbPCGGyIVyw5tfVObFJYEytwa+R6p0KIvGsCFfVs1DbPsPH4PF/qLmp2Ycx\nhn0VLAUZxiw298QnESWckH9Eg4qC9NebJf9IEFz1vlXTZQaDwAs60PnBPR2ZHwkp\nkMc+zsXGt/8wW+gmSoqPOv6j9BEQaZx5xhbxLhtYU55zsxU=\n-----END CERTIFICATE-----","commonName":"C=US,O=Google\\, Inc,CN=Google Cloud SQL Server CA,dnQualifier=b4808ad9-4ddc-464a-bd47-40e33b88612c","sha1Fingerprint":"4b16aa13edb730dad72e47037d400566a7aff531","instance":"hustle-fdc","createTime":"2025-07-04T15:04:40.468Z","expirationTime":"2035-07-02T15:05:40.468Z"},"ipAddresses":[{"type":"PRIMARY","ipAddress":"35.225.232.153"},{"type":"OUTGOING","ipAddress":"34.44.176.180"}],"region":"us-central1","databaseVersion":"POSTGRES_15","backendType":"SECOND_GEN","serverCaMode":"GOOGLE_MANAGED_INTERNAL_CA"}
[debug] [2025-07-07T13:01:52.338Z] Checked if tokens are valid: true, expires at: 1751896855377
[debug] [2025-07-07T13:01:52.338Z] Checked if tokens are valid: true, expires at: 1751896855377
[debug] [2025-07-07T13:01:52.338Z] Checked if tokens are valid: true, expires at: 1751896855377
[debug] [2025-07-07T13:01:52.338Z] Checked if tokens are valid: true, expires at: 1751896855377
[debug] [2025-07-07T13:01:52.338Z] >>> [apiv2][query] POST https://sqladmin.googleapis.com/sql/v1beta4/projects/hustlecastlecouncil/instances/hustle-fdc:generateEphemeralCert 
[debug] [2025-07-07T13:01:52.338Z] >>> [apiv2][body] POST https://sqladmin.googleapis.com/sql/v1beta4/projects/hustlecastlecouncil/instances/hustle-fdc:generateEphemeralCert {"public_key":"-----BEGIN PUBLIC KEY-----\nMIIBIjANBgkqhkiG9w0BAQEFAAOCAQ8AMIIBCgKCAQEAn9S4uveSh4qOYHNnEI8M\n0CEuziBbPcuMEWusQY0Kco7BtTl4P4WDhMSfYjSlphWn51AglMgvD3xnNXValbKq\nEZ0n3B8LFROe0Fk+ftsYukzJZL1cD6RSM9uwneJJj+9EA0S77rl8s90ZSd4z/1xL\nSve0zRqyzehstRfgpjMLXx1wKlFN7N3uS7NSFy9zKJAP0C0JYzHfN9proKemHn2U\nYPb6mS5eDjyju8bxp2KKhYSH9yXE34NQygGOXCStJo8N5uNATQezm9vH42ssVs9E\naOf5ingrYDNODq7ZwMdROqE6ypbbxd1cHAjdwxbbAwYyftuW0cmYMbiGMb6T5M0J\n7QIDAQAB\n-----END PUBLIC KEY-----\n","access_token":"ya29.a0AS3H6NzSFAQ7LygqwhXEuVdIWrZLCVPywndcStg8FwN448spFDjFglXNCG_N1psCoggmCgIa-yfo50l8muz14pKPWLOA2KXEu9t_RDUY7wEsWZwRSdQmCsbzZ7k4rCBlwsdHQxEHOp03KWduPqdI2NpliWA8RCb54mXOTp4wQ0un_ZIaCgYKAYUSARUSFQHGX2MiAlpgLsKOQYe4rOqP3guZCQ0182"}
[debug] [2025-07-07T13:01:53.246Z] <<< [apiv2][status] POST https://sqladmin.googleapis.com/sql/v1beta4/projects/hustlecastlecouncil/instances/hustle-fdc:generateEphemeralCert 200
[debug] [2025-07-07T13:01:53.246Z] <<< [apiv2][body] POST https://sqladmin.googleapis.com/sql/v1beta4/projects/hustlecastlecouncil/instances/hustle-fdc:generateEphemeralCert {"ephemeralCert":{"kind":"sql#sslCert","certSerialNumber":"","cert":"-----BEGIN CERTIFICATE-----\nMIIEgzCCA2ugAwIBAgIEN3dBATANBgkqhkiG9w0BAQsFADCBlzEtMCsGA1UELhMk\nZGU0YWY4MTktMWVjNy00ZGVkLWEzYmItYzljOWViNTFmNTlhMUMwQQYDVQQDEzpH\nb29nbGUgQ2xvdWQgU1FMIFNpZ25pbmcgQ0EgaHVzdGxlY2FzdGxlY291bmNpbDpo\ndXN0bGUtZmRjMRQwEgYDVQQKEwtHb29nbGUsIEluYzELMAkGA1UEBhMCVVMwHhcN\nMjUwNzA3MTMwMDUyWhcNMjUwNzA3MTQwMTUyWjA7MRYwFAYDVQQDEw1jbG91ZHNx\nbC11c2VyMRQwEgYDVQQKEwtHb29nbGUsIEluYzELMAkGA1UEBhMCVVMwggEiMA0G\nCSqGSIb3DQEBAQUAA4IBDwAwggEKAoIBAQCf1Li695KHio5gc2cQjwzQIS7OIFs9\ny4wRa6xBjQpyjsG1OXg/hYOExJ9iNKWmFafnUCCUyC8PfGc1dVqVsqoRnSfcHwsV\nE57QWT5+2xi6TMlkvVwPpFIz27Cd4kmP70QDRLvuuXyz3RlJ3jP/XEtK97TNGrLN\n6Gy1F+CmMwtfHXAqUU3s3e5Ls1IXL3MokA/QLQljMd832mugp6YefZRg9vqZLl4O\nPKO7xvGnYoqFhIf3JcTfg1DKAY5cJK0mjw3m40BNB7Ob28fjayxWz0Ro5/mKeCtg\nM04OrtnAx1E6oTrKltvF3VwcCN3DFtsDBjJ+25bRyZgxuIYxvpPkzQntAgMBAAGj\nggEwMIIBLDAJBgNVHRMEAjAAMIIBHQYDVR0RBIIBFDCCARCBFHZpbmphenouVkNA\nZ21haWwuY29toIH3BgFVoIHxA4HuAA0AAAAAGuUBeWEyOS5hMEFTM0g2TnpTRkFR\nN0x5Z3F3aFhFdVZkSVdyWkxDVlB5d25kY1N0ZzhGd040NDhzcEZEakZnbFhOQ0df\nTjFwc0NvZ2dtQ2dJYS15Zm81MGw4bXV6MTRwS1BXTE9BMktYRXU5dF9SRFVZN3dF\nc1dad1JTZFFtQ3Nielo3azRyQ0Jsd3NkSFF4RUhPcDAzS1dkdVBxZEkyTnBsaVdB\nOFJDYjU0bVhPVHA0d1EwdW5fWklhQ2dZS0FZVVNBUlVTRlFIR1gyTWlBbHBnTHNL\nT1FZZTRyT3FQM2d1WkNRMDE4MjANBgkqhkiG9w0BAQsFAAOCAQEAF9YPeBVy/bzr\no1cyfdKQPd5XoUWSVfjSAy5yTnYyMk7V+YlcvcXSdfRNWP7lF57ZjQuauQJZ5a6p\njD1xa9NQCemCF/yZR+qDx/vq+vLwWLXp8fnJizBEX/9gVCU1GmE1kXHMilo8xYr6\nobN3RsiAH7ddY4AGj4w67kZsrYu0+Eavz6QdU5R+NK1dsx5Xn/V10OmaIBz5mn7U\nLdi9i9JBMh94m8Hc4kigvFRa8k8r6Ijy8/IiLlfSnAolA6TePqwfdXChgX7b9Zmb\npj7FtLuDwmaQJJKMzSb1nEhc/6OMHWMMjzWwxFiB0giOwEV++pVtUslwTiyXxO1e\npHwobzfTDQ==\n-----END CERTIFICATE-----"}}
[debug] [2025-07-07T13:02:14.305Z] Error: connect ETIMEDOUT 35.225.232.153:3307
    at C:\Users\vincenzo.carrubba\AppData\Roaming\npm\node_modules\firebase-tools\node_modules\pg-pool\index.js:45:11
    at process.processTicksAndRejections (node:internal/process/task_queues:105:5)
    at async execute (C:\Users\vincenzo.carrubba\AppData\Roaming\npm\node_modules\firebase-tools\lib\gcp\cloudsql\connect.js:67:18)
    at async executeSqlCmdsAsIamUser (C:\Users\vincenzo.carrubba\AppData\Roaming\npm\node_modules\firebase-tools\lib\gcp\cloudsql\connect.js:93:12)
    at async getSchemaMetadata (C:\Users\vincenzo.carrubba\AppData\Roaming\npm\node_modules\firebase-tools\lib\gcp\cloudsql\permissionsSetup.js:136:31)
    at async setupSchemaIfNecessary (C:\Users\vincenzo.carrubba\AppData\Roaming\npm\node_modules\firebase-tools\lib\dataconnect\schemaMigration.js:21:24)
    at async migrateSchema (C:\Users\vincenzo.carrubba\AppData\Roaming\npm\node_modules\firebase-tools\lib\dataconnect\schemaMigration.js:104:5)
    at async default_1 (C:\Users\vincenzo.carrubba\AppData\Roaming\npm\node_modules\firebase-tools\lib\deploy\dataconnect\release.js:29:13)
    at async chain (C:\Users\vincenzo.carrubba\AppData\Roaming\npm\node_modules\firebase-tools\lib\deploy\index.js:42:9)
    at async deploy (C:\Users\vincenzo.carrubba\AppData\Roaming\npm\node_modules\firebase-tools\lib\deploy\index.js:121:5)
[error] 
[error] Error: An unexpected error has occurred.
[debug] [2025-07-07T13:02:14.428Z] Checked if tokens are valid: true, expires at: 1751896855377
[debug] [2025-07-07T13:02:14.428Z] Checked if tokens are valid: true, expires at: 1751896855377
[debug] [2025-07-07T13:02:14.428Z] >>> [apiv2][query] GET https://sqladmin.googleapis.com/sql/v1beta4/projects/hustlecastlecouncil/instances/hustle-fdc/connectSettings 
